"../../../Engine/Content/Functions/Engine_MaterialFunctions01/Opacity/CameraDepthFade.uasset" 0
"../../../Engine/Content/Functions/Engine_MaterialFunctions01/Opacity/CameraDepthFade.uexp" 1
"../../../Engine/Content/EngineMaterials/T_Default_Material_Grid_M.uasset" 2
"../../../Engine/Content/EngineMaterials/T_Default_Material_Grid_M.uexp" 3
"../../../Engine/Content/EngineMaterials/T_Default_Material_Grid_M.ubulk" 4
"../../../Engine/Content/EngineMaterials/T_Default_Material_Grid_N.uasset" 5
"../../../Engine/Content/EngineMaterials/T_Default_Material_Grid_N.uexp" 6
"../../../Engine/Content/EngineMaterials/T_Default_Material_Grid_N.ubulk" 7
"../../../Engine/Content/EngineMaterials/WorldGridMaterial.uasset" 8
"../../../Engine/Content/EngineMaterials/WorldGridMaterial.uexp" 9
"../../../Engine/Content/ArtTools/RenderToTexture/Meshes/S_1_Unit_Plane.uasset" 10
"../../../Engine/Content/ArtTools/RenderToTexture/Meshes/S_1_Unit_Plane.uexp" 11
"../../../Engine/Content/ArtTools/RenderToTexture/Meshes/S_1_Unit_Plane.ubulk" 12
"../../../Engine/Content/EngineMaterials/DefaultMaterial.uasset" 13
"../../../Engine/Content/EngineMaterials/DefaultMaterial.uexp" 14
"../../../Engine/Content/BasicShapes/Cone.uasset" 15
"../../../Engine/Content/BasicShapes/Cone.uexp" 16
"../../../Engine/Content/BasicShapes/Cone.ubulk" 17
"../../../Engine/Content/BasicShapes/Sphere.uasset" 18
"../../../Engine/Content/BasicShapes/Sphere.uexp" 19
"../../../Engine/Content/BasicShapes/Sphere.ubulk" 20
"../../../Engine/Content/EditorLandscapeResources/DataLayer.uasset" 21
"../../../Engine/Content/EditorLandscapeResources/DataLayer.uexp" 22
"../../../Engine/Content/EditorLandscapeResources/DefaultAlphaTexture.uasset" 23
"../../../Engine/Content/EditorLandscapeResources/DefaultAlphaTexture.uexp" 24
"../../../Engine/Content/EditorMaterials/MAT_Groups_Toggle.uasset" 25
"../../../Engine/Content/EditorMaterials/MAT_Groups_Toggle.uexp" 26
"../../../Engine/Content/EditorMaterials/MAT_Groups_Visibility.uasset" 27
"../../../Engine/Content/EditorMaterials/MAT_Groups_Visibility.uexp" 28
"../../../Engine/Content/EditorMaterials/PreviewShadowIndicator.uasset" 29
"../../../Engine/Content/EditorMaterials/PreviewShadowIndicator.uexp" 30
"../../../Engine/Content/EditorMaterials/PreviewShadowIndicator.ubulk" 31
"../../../Engine/Content/EditorMaterials/PreviewShadowIndicatorMaterial.uasset" 32
"../../../Engine/Content/EditorMaterials/PreviewShadowIndicatorMaterial.uexp" 33
"../../../Engine/Content/EditorMaterials/MatineeGroups/MAT_ColorTrack.uasset" 34
"../../../Engine/Content/EditorMaterials/MatineeGroups/MAT_ColorTrack.uexp" 35
"../../../Engine/Content/EditorMaterials/MatineeGroups/MAT_Groups_Anim.uasset" 36
"../../../Engine/Content/EditorMaterials/MatineeGroups/MAT_Groups_Anim.uexp" 37
"../../../Engine/Content/EditorMaterials/MatineeGroups/MAT_Groups_AudioMaster.uasset" 38
"../../../Engine/Content/EditorMaterials/MatineeGroups/MAT_Groups_AudioMaster.uexp" 39
"../../../Engine/Content/EditorMaterials/MatineeGroups/MAT_Groups_Director.uasset" 40
"../../../Engine/Content/EditorMaterials/MatineeGroups/MAT_Groups_Director.uexp" 41
"../../../Engine/Content/EditorMaterials/MatineeGroups/MAT_Groups_Event.uasset" 42
"../../../Engine/Content/EditorMaterials/MatineeGroups/MAT_Groups_Event.uexp" 43
"../../../Engine/Content/EditorMaterials/MatineeGroups/MAT_Groups_Fade.uasset" 44
"../../../Engine/Content/EditorMaterials/MatineeGroups/MAT_Groups_Fade.uexp" 45
"../../../Engine/Content/EditorMaterials/MatineeGroups/MAT_Groups_Float.uasset" 46
"../../../Engine/Content/EditorMaterials/MatineeGroups/MAT_Groups_Float.uexp" 47
"../../../Engine/Content/EditorMaterials/MatineeGroups/MAT_Groups_Move.uasset" 48
"../../../Engine/Content/EditorMaterials/MatineeGroups/MAT_Groups_Move.uexp" 49
"../../../Engine/Content/EditorMaterials/MatineeGroups/MAT_Groups_Slomo.uasset" 50
"../../../Engine/Content/EditorMaterials/MatineeGroups/MAT_Groups_Slomo.uexp" 51
"../../../Engine/Content/EditorMaterials/MatineeGroups/MAT_Groups_Sound.uasset" 52
"../../../Engine/Content/EditorMaterials/MatineeGroups/MAT_Groups_Sound.uexp" 53
"../../../Engine/Content/EditorMaterials/MatineeGroups/MAT_Groups_Vector.uasset" 54
"../../../Engine/Content/EditorMaterials/MatineeGroups/MAT_Groups_Vector.uexp" 55
"../../../Engine/Content/EditorMaterials/ParticleSystems/PSysThumbnail_NoImage.uasset" 56
"../../../Engine/Content/EditorMaterials/ParticleSystems/PSysThumbnail_NoImage.uexp" 57
"../../../Engine/Content/EditorMaterials/ParticleSystems/PSysThumbnail_NoImage.ubulk" 58
"../../../Engine/Content/EditorMaterials/ParticleSystems/PSysThumbnail_OOD.uasset" 59
"../../../Engine/Content/EditorMaterials/ParticleSystems/PSysThumbnail_OOD.uexp" 60
"../../../Engine/Content/EditorMaterials/ParticleSystems/PSysThumbnail_OOD.ubulk" 61
"../../../Engine/Content/Functions/Engine_MaterialFunctions02/Utility/MakeFloat4.uasset" 62
"../../../Engine/Content/Functions/Engine_MaterialFunctions02/Utility/MakeFloat4.uexp" 63
"../../../Engine/Content/Functions/Engine_MaterialFunctions02/Utility/BreakOutFloat3Components.uasset" 64
"../../../Engine/Content/Functions/Engine_MaterialFunctions02/Utility/BreakOutFloat3Components.uexp" 65
"../../../Engine/Content/Functions/Engine_MaterialFunctions02/Utility/MakeFloat3.uasset" 66
"../../../Engine/Content/Functions/Engine_MaterialFunctions02/Utility/MakeFloat3.uexp" 67
"../../../Engine/Content/EditorMaterials/WorldPartition/WorldPartitionSpatialHashGridPreviewMaterial.uasset" 68
"../../../Engine/Content/EditorMaterials/WorldPartition/WorldPartitionSpatialHashGridPreviewMaterial.uexp" 69
"../../../Engine/Content/EditorMaterials/Camera/CineMat.uasset" 70
"../../../Engine/Content/EditorMaterials/Camera/CineMat.uexp" 71
"../../../Engine/Content/EditorMaterials/Camera/MI_CineMat_Rig.uasset" 72
"../../../Engine/Content/EditorMaterials/Camera/MI_CineMat_Rig.uexp" 73
"../../../Engine/Content/EditorMeshes/Camera/SM_CraneRig_Arm.uasset" 74
"../../../Engine/Content/EditorMeshes/Camera/SM_CraneRig_Arm.uexp" 75
"../../../Engine/Content/EditorMeshes/Camera/SM_CraneRig_Arm.ubulk" 76
"../../../Engine/Content/EditorMeshes/Camera/SM_CraneRig_Base.uasset" 77
"../../../Engine/Content/EditorMeshes/Camera/SM_CraneRig_Base.uexp" 78
"../../../Engine/Content/EditorMeshes/Camera/SM_CraneRig_Base.ubulk" 79
"../../../Engine/Content/EditorMeshes/Camera/SM_CraneRig_Body.uasset" 80
"../../../Engine/Content/EditorMeshes/Camera/SM_CraneRig_Body.uexp" 81
"../../../Engine/Content/EditorMeshes/Camera/SM_CraneRig_Body.ubulk" 82
"../../../Engine/Content/EditorMeshes/Camera/SM_CraneRig_Mount.uasset" 83
"../../../Engine/Content/EditorMeshes/Camera/SM_CraneRig_Mount.uexp" 84
"../../../Engine/Content/EditorMeshes/Camera/SM_CraneRig_Mount.ubulk" 85
"../../../Engine/Content/EditorMeshes/Camera/SM_RailRig_Mount.uasset" 86
"../../../Engine/Content/EditorMeshes/Camera/SM_RailRig_Mount.uexp" 87
"../../../Engine/Content/EditorMeshes/Camera/SM_RailRig_Mount.ubulk" 88
"../../../Engine/Content/EditorMeshes/Camera/SM_RailRig_Track.uasset" 89
"../../../Engine/Content/EditorMeshes/Camera/SM_RailRig_Track.uexp" 90
"../../../Engine/Content/EditorMeshes/Camera/SM_RailRig_Track.ubulk" 91
"../../../Engine/Content/EditorResources/BSPVertex.uasset" 92
"../../../Engine/Content/EditorResources/BSPVertex.uexp" 93
"../../../Engine/Content/EditorResources/EmptyActor.uasset" 94
"../../../Engine/Content/EditorResources/EmptyActor.uexp" 95
"../../../Engine/Content/EditorResources/S_Actor.uasset" 96
"../../../Engine/Content/EditorResources/S_Actor.uexp" 97
"../../../Engine/Content/EditorResources/S_Actor.ubulk" 98
"../../../Engine/Content/EditorResources/S_BoxReflectionCapture.uasset" 99
"../../../Engine/Content/EditorResources/S_BoxReflectionCapture.uexp" 100
"../../../Engine/Content/EditorResources/S_Note.uasset" 101
"../../../Engine/Content/EditorResources/S_Note.uexp" 102
"../../../Engine/Content/EditorResources/S_Solver.uasset" 103
"../../../Engine/Content/EditorResources/S_Solver.uexp" 104
"../../../Engine/Content/EditorResources/S_Solver.ubulk" 105
"../../../Engine/Content/EditorResources/S_Terrain.uasset" 106
"../../../Engine/Content/EditorResources/S_Terrain.uexp" 107
"../../../Engine/Content/EditorResources/S_Terrain.ubulk" 108
"../../../Engine/Content/EditorResources/S_Trigger.uasset" 109
"../../../Engine/Content/EditorResources/S_Trigger.uexp" 110
"../../../Engine/Content/EditorResources/S_Trigger.ubulk" 111
"../../../Engine/Content/EditorResources/S_TriggerBox.uasset" 112
"../../../Engine/Content/EditorResources/S_TriggerBox.uexp" 113
"../../../Engine/Content/EditorResources/S_TriggerCapsule.uasset" 114
"../../../Engine/Content/EditorResources/S_TriggerCapsule.uexp" 115
"../../../Engine/Content/EditorResources/S_TriggerSphere.uasset" 116
"../../../Engine/Content/EditorResources/S_TriggerSphere.uexp" 117
"../../../Engine/Content/EditorResources/SequenceRecorder/Countdown.uasset" 118
"../../../Engine/Content/EditorResources/SequenceRecorder/Countdown.uexp" 119
"../../../Engine/Content/EditorResources/SequenceRecorder/RecordingIndicator.uasset" 120
"../../../Engine/Content/EditorResources/SequenceRecorder/RecordingIndicator.uexp" 121
"../../../Engine/Content/EngineDamageTypes/DmgTypeBP_Environmental.uasset" 122
"../../../Engine/Content/EngineDamageTypes/DmgTypeBP_Environmental.uexp" 123
"../../../Engine/Content/EngineDebugMaterials/DebugEditorMaterial.uasset" 124
"../../../Engine/Content/EngineDebugMaterials/DebugEditorMaterial.uexp" 125
"../../../Engine/Content/EngineDebugMaterials/DebugMeshMaterial.uasset" 126
"../../../Engine/Content/EngineDebugMaterials/DebugMeshMaterial.uexp" 127
"../../../Engine/Content/EngineDebugMaterials/M_SimpleUnlitTranslucent.uasset" 128
"../../../Engine/Content/EngineDebugMaterials/M_SimpleUnlitTranslucent.uexp" 129
"../../../Engine/Content/EngineDebugMaterials/VolumeToRender.uasset" 130
"../../../Engine/Content/EngineDebugMaterials/VolumeToRender.uexp" 131
"../../../Engine/Content/Functions/Engine_MaterialFunctions02/Utility/CameraDirectionVector.uasset" 132
"../../../Engine/Content/Functions/Engine_MaterialFunctions02/Utility/CameraDirectionVector.uexp" 133
"../../../Engine/Content/EngineDebugMaterials/M_VolumeRenderSphereTracePP.uasset" 134
"../../../Engine/Content/EngineDebugMaterials/M_VolumeRenderSphereTracePP.uexp" 135
"../../../Engine/Content/Functions/Engine_MaterialFunctions01/Shading/ConvertFromDiffSpec.uasset" 136
"../../../Engine/Content/Functions/Engine_MaterialFunctions01/Shading/ConvertFromDiffSpec.uexp" 137
"../../../Engine/Content/EngineDebugMaterials/VertexColorMaterial.uasset" 138
"../../../Engine/Content/EngineDebugMaterials/VertexColorMaterial.uexp" 139
"../../../Engine/Content/EngineDebugMaterials/WireframeMaterial.uasset" 140
"../../../Engine/Content/EngineDebugMaterials/WireframeMaterial.uexp" 141
"../../../Engine/Content/EngineFonts/Faces/RobotoLight.uasset" 142
"../../../Engine/Content/EngineFonts/Faces/RobotoLight.uexp" 143
"../../../Engine/Content/EngineFonts/Faces/RobotoLight.ufont" 144
"../../../Engine/Content/EngineFonts/Faces/RobotoRegular.uasset" 145
"../../../Engine/Content/EngineFonts/Faces/RobotoRegular.uexp" 146
"../../../Engine/Content/EngineFonts/Faces/RobotoRegular.ufont" 147
"../../../Engine/Content/EngineFonts/Faces/RobotoItalic.uasset" 148
"../../../Engine/Content/EngineFonts/Faces/RobotoItalic.uexp" 149
"../../../Engine/Content/EngineFonts/Faces/RobotoItalic.ufont" 150
"../../../Engine/Content/EngineFonts/Faces/RobotoBoldItalic.uasset" 151
"../../../Engine/Content/EngineFonts/Faces/RobotoBoldItalic.uexp" 152
"../../../Engine/Content/EngineFonts/Faces/RobotoBoldItalic.ufont" 153
"../../../Engine/Content/EngineFonts/Faces/RobotoBold.uasset" 154
"../../../Engine/Content/EngineFonts/Faces/RobotoBold.uexp" 155
"../../../Engine/Content/EngineFonts/Faces/RobotoBold.ufont" 156
"../../../Engine/Content/EngineFonts/Faces/DroidSansFallback.uasset" 157
"../../../Engine/Content/EngineFonts/Faces/DroidSansFallback.uexp" 158
"../../../Engine/Content/EngineFonts/Faces/DroidSansFallback.ufont" 159
"../../../Engine/Content/EngineFonts/Roboto.uasset" 160
"../../../Engine/Content/EngineFonts/Roboto.uexp" 161
"../../../Engine/Content/EngineMaterials/BaseFlattenDiffuseMap.uasset" 162
"../../../Engine/Content/EngineMaterials/BaseFlattenDiffuseMap.uexp" 163
"../../../Engine/Content/EngineMaterials/BaseFlattenEmissiveMap.uasset" 164
"../../../Engine/Content/EngineMaterials/BaseFlattenEmissiveMap.uexp" 165
"../../../Engine/Content/EngineMaterials/BaseFlattenGrayscaleMap.uasset" 166
"../../../Engine/Content/EngineMaterials/BaseFlattenGrayscaleMap.uexp" 167
"../../../Engine/Content/EngineMaterials/BaseFlattenNormalMap.uasset" 168
"../../../Engine/Content/EngineMaterials/BaseFlattenNormalMap.uexp" 169
"../../../Engine/Content/EngineMaterials/BaseFlattenMaterial.uasset" 170
"../../../Engine/Content/EngineMaterials/BaseFlattenMaterial.uexp" 171
"../../../Engine/Content/EngineMaterials/BaseFlattenDiffuseMap_VT.uasset" 172
"../../../Engine/Content/EngineMaterials/BaseFlattenDiffuseMap_VT.uexp" 173
"../../../Engine/Content/EngineMaterials/BaseFlattenEmissiveMap_VT.uasset" 174
"../../../Engine/Content/EngineMaterials/BaseFlattenEmissiveMap_VT.uexp" 175
"../../../Engine/Content/EngineMaterials/BaseFlattenGrayscaleMap_VT.uasset" 176
"../../../Engine/Content/EngineMaterials/BaseFlattenGrayscaleMap_VT.uexp" 177
"../../../Engine/Content/EngineMaterials/BaseFlattenNormalMap_VT.uasset" 178
"../../../Engine/Content/EngineMaterials/BaseFlattenNormalMap_VT.uexp" 179
"../../../Engine/Content/EngineMaterials/BaseFlattenMaterial_VT.uasset" 180
"../../../Engine/Content/EngineMaterials/BaseFlattenMaterial_VT.uexp" 181
"../../../Engine/Content/EngineMaterials/BlueNoise.uasset" 182
"../../../Engine/Content/EngineMaterials/BlueNoise.uexp" 183
"../../../Engine/Content/EngineMaterials/DefaultBloomKernel.uasset" 184
"../../../Engine/Content/EngineMaterials/DefaultBloomKernel.uexp" 185
"../../../Engine/Content/EngineMaterials/DefaultBokeh.uasset" 186
"../../../Engine/Content/EngineMaterials/DefaultBokeh.uexp" 187
"../../../Engine/Content/EngineMaterials/DefaultDiffuse.uasset" 188
"../../../Engine/Content/EngineMaterials/DefaultDiffuse.uexp" 189
"../../../Engine/Content/EngineMaterials/DefaultDiffuse.ubulk" 190
"../../../Engine/Content/EngineMaterials/DefaultDeferredDecalMaterial.uasset" 191
"../../../Engine/Content/EngineMaterials/DefaultDeferredDecalMaterial.uexp" 192
"../../../Engine/Content/EngineMaterials/DefaultLightFunctionMaterial.uasset" 193
"../../../Engine/Content/EngineMaterials/DefaultLightFunctionMaterial.uexp" 194
"../../../Engine/Content/EngineMaterials/DefaultPhysicalMaterial.uasset" 195
"../../../Engine/Content/EngineMaterials/DefaultPhysicalMaterial.uexp" 196
"../../../Engine/Content/Functions/Engine_MaterialFunctions02/Utility/BreakOutFloat2Components.uasset" 197
"../../../Engine/Content/Functions/Engine_MaterialFunctions02/Utility/BreakOutFloat2Components.uexp" 198
"../../../Engine/Content/EngineMaterials/DefaultPostProcessMaterial.uasset" 199
"../../../Engine/Content/EngineMaterials/DefaultPostProcessMaterial.uexp" 200
"../../../Engine/Content/EngineFonts/RobotoDistanceField.uasset" 201
"../../../Engine/Content/EngineFonts/RobotoDistanceField.uexp" 202
"../../../Engine/Content/EngineMaterials/DefaultTextMaterialOpaque.uasset" 203
"../../../Engine/Content/EngineMaterials/DefaultTextMaterialOpaque.uexp" 204
"../../../Engine/Content/EngineMaterials/DefaultWhiteGrid.uasset" 205
"../../../Engine/Content/EngineMaterials/DefaultWhiteGrid.uexp" 206
"../../../Engine/Content/EngineMaterials/DefaultWhiteGrid.ubulk" 207
"../../../Engine/Content/EngineMaterials/DefaultWhiteGrid_Low.uasset" 208
"../../../Engine/Content/EngineMaterials/DefaultWhiteGrid_Low.uexp" 209
"../../../Engine/Content/EngineMaterials/EmissiveMeshMaterial.uasset" 210
"../../../Engine/Content/EngineMaterials/EmissiveMeshMaterial.uexp" 211
"../../../Engine/Content/EngineMaterials/GizmoMaterial.uasset" 212
"../../../Engine/Content/EngineMaterials/GizmoMaterial.uexp" 213
"../../../Engine/Content/EngineMaterials/MiniFont.uasset" 214
"../../../Engine/Content/EngineMaterials/MiniFont.uexp" 215
"../../../Engine/Content/EngineMaterials/InvalidLightmapSettings.uasset" 216
"../../../Engine/Content/EngineMaterials/InvalidLightmapSettings.uexp" 217
"../../../Engine/Content/EngineMaterials/InvalidLightmapSettings.ubulk" 218
"../../../Engine/Content/EngineMaterials/M_InvalidLightmapSettings.uasset" 219
"../../../Engine/Content/EngineMaterials/M_InvalidLightmapSettings.uexp" 220
"../../../Engine/Content/Functions/Engine_MaterialFunctions02/WorldPositionOffset/CameraOffset.uasset" 221
"../../../Engine/Content/Functions/Engine_MaterialFunctions02/WorldPositionOffset/CameraOffset.uexp" 222
"../../../Engine/Content/EngineMaterials/PhAT_JointLimitMaterial.uasset" 223
"../../../Engine/Content/EngineMaterials/PhAT_JointLimitMaterial.uexp" 224
"../../../Engine/Content/EngineMaterials/PreintegratedSkinBRDF.uasset" 225
"../../../Engine/Content/EngineMaterials/PreintegratedSkinBRDF.uexp" 226
"../../../Engine/Content/EngineMaterials/RemoveSurfaceMaterial.uasset" 227
"../../../Engine/Content/EngineMaterials/RemoveSurfaceMaterial.uexp" 228
"../../../Engine/Content/EngineMaterials/WeightMapPlaceholderTexture.uasset" 229
"../../../Engine/Content/EngineMaterials/WeightMapPlaceholderTexture.uexp" 230
"../../../Engine/Content/EngineResources/WhiteSquareTexture.uasset" 231
"../../../Engine/Content/EngineResources/WhiteSquareTexture.uexp" 232
"../../../Engine/Content/EngineMaterials/Widget3DPassThrough.uasset" 233
"../../../Engine/Content/EngineMaterials/Widget3DPassThrough.uexp" 234
"../../../Engine/Content/EngineMaterials/Widget3DPassThrough_Masked.uasset" 235
"../../../Engine/Content/EngineMaterials/Widget3DPassThrough_Masked.uexp" 236
"../../../Engine/Content/EngineMaterials/Widget3DPassThrough_Opaque.uasset" 237
"../../../Engine/Content/EngineMaterials/Widget3DPassThrough_Opaque.uexp" 238
"../../../Engine/Content/EngineMaterials/Widget3DPassThrough_Masked_OneSided.uasset" 239
"../../../Engine/Content/EngineMaterials/Widget3DPassThrough_Masked_OneSided.uexp" 240
"../../../Engine/Content/EngineMaterials/Widget3DPassThrough_Opaque_OneSided.uasset" 241
"../../../Engine/Content/EngineMaterials/Widget3DPassThrough_Opaque_OneSided.uexp" 242
"../../../Engine/Content/EngineMaterials/Widget3DPassThrough_Translucent.uasset" 243
"../../../Engine/Content/EngineMaterials/Widget3DPassThrough_Translucent.uexp" 244
"../../../Engine/Content/EngineMaterials/Widget3DPassThrough_Translucent_OneSided.uasset" 245
"../../../Engine/Content/EngineMaterials/Widget3DPassThrough_Translucent_OneSided.uexp" 246
"../../../Engine/Content/EngineMeshes/Sphere.uasset" 247
"../../../Engine/Content/EngineMeshes/Sphere.uexp" 248
"../../../Engine/Content/EngineMeshes/Sphere.ubulk" 249
"../../../Engine/Content/EngineResources/Black.uasset" 250
"../../../Engine/Content/EngineResources/Black.uexp" 251
"../../../Engine/Content/EngineResources/DefaultTextureCube.uasset" 252
"../../../Engine/Content/EngineResources/DefaultTextureCube.uexp" 253
"../../../Engine/Content/EngineResources/DefaultVolumeTexture2D.uasset" 254
"../../../Engine/Content/EngineResources/DefaultVolumeTexture2D.uexp" 255
"../../../Engine/Content/EngineResources/DefaultVolumeTexture.uasset" 256
"../../../Engine/Content/EngineResources/DefaultVolumeTexture.uexp" 257
"../../../Engine/Content/EngineResources/GradientTexture0.uasset" 258
"../../../Engine/Content/EngineResources/GradientTexture0.uexp" 259
"../../../Engine/Content/EngineSky/VolumetricClouds/T_NoiseShape64.uasset" 260
"../../../Engine/Content/EngineSky/VolumetricClouds/T_NoiseShape64.uexp" 261
"../../../Engine/Content/EngineSky/VolumetricClouds/T_NoiseShape64.ubulk" 262
"../../../Engine/Content/EngineSky/VolumetricClouds/T_VolumeNoiseShape64.uasset" 263
"../../../Engine/Content/EngineSky/VolumetricClouds/T_VolumeNoiseShape64.uexp" 264
"../../../Engine/Content/EngineSky/VolumetricClouds/T_NoiseErosion.uasset" 265
"../../../Engine/Content/EngineSky/VolumetricClouds/T_NoiseErosion.uexp" 266
"../../../Engine/Content/EngineSky/VolumetricClouds/T_NoiseErosion.ubulk" 267
"../../../Engine/Content/EngineSky/VolumetricClouds/T_VolumeNoiseErosion32.uasset" 268
"../../../Engine/Content/EngineSky/VolumetricClouds/T_VolumeNoiseErosion32.uexp" 269
"../../../Engine/Content/EngineSky/VolumetricClouds/CloudWeatherTexture.uasset" 270
"../../../Engine/Content/EngineSky/VolumetricClouds/CloudWeatherTexture.uexp" 271
"../../../Engine/Content/EngineSky/VolumetricClouds/CloudGradientTexture.uasset" 272
"../../../Engine/Content/EngineSky/VolumetricClouds/CloudGradientTexture.uexp" 273
"../../../Engine/Content/Functions/Engine_MaterialFunctions02/Utility/MakeFloat2.uasset" 274
"../../../Engine/Content/Functions/Engine_MaterialFunctions02/Utility/MakeFloat2.uexp" 275
"../../../Engine/Content/EngineSky/VolumetricClouds/m_SimpleVolumetricCloud.uasset" 276
"../../../Engine/Content/EngineSky/VolumetricClouds/m_SimpleVolumetricCloud.uexp" 277
"../../../Engine/Content/EngineSky/VolumetricClouds/m_SimpleVolumetricCloud_Inst.uasset" 278
"../../../Engine/Content/EngineSky/VolumetricClouds/m_SimpleVolumetricCloud_Inst.uexp" 279
"../../../Engine/Content/EngineSounds/Master.uasset" 280
"../../../Engine/Content/EngineSounds/Master.uexp" 281
"../../../Engine/Content/Functions/Engine_MaterialFunctions01/Shading/PowerToRoughness.uasset" 282
"../../../Engine/Content/Functions/Engine_MaterialFunctions01/Shading/PowerToRoughness.uexp" 283
"../../../Engine/Content/Maps/Templates/Thumbnails/Default.uasset" 284
"../../../Engine/Content/Maps/Templates/Thumbnails/Default.uexp" 285
"../../../Engine/Content/Maps/Templates/Thumbnails/TimeOfDay.uasset" 286
"../../../Engine/Content/Maps/Templates/Thumbnails/TimeOfDay.uexp" 287
"../../../Engine/Content/Maps/Templates/Thumbnails/VR-Basic.uasset" 288
"../../../Engine/Content/Maps/Templates/Thumbnails/VR-Basic.uexp" 289
"../../../Engine/Content/MobileResources/T_MobileControls_texture.uasset" 290
"../../../Engine/Content/MobileResources/T_MobileControls_texture.uexp" 291
"../../../Engine/Content/MobileResources/T_MobileMenu2.uasset" 292
"../../../Engine/Content/MobileResources/T_MobileMenu2.uexp" 293
"../../../Engine/Content/MobileResources/HUD/AnalogHat.uasset" 294
"../../../Engine/Content/MobileResources/HUD/AnalogHat.uexp" 295
"../../../Engine/Content/MobileResources/HUD/VirtualJoystick_Background.uasset" 296
"../../../Engine/Content/MobileResources/HUD/VirtualJoystick_Background.uexp" 297
"../../../Engine/Content/MobileResources/HUD/VirtualJoystick_Thumb.uasset" 298
"../../../Engine/Content/MobileResources/HUD/VirtualJoystick_Thumb.uexp" 299
"../../../Engine/Content/MobileResources/HUD/DefaultVirtualJoysticks.uasset" 300
"../../../Engine/Content/MobileResources/HUD/DefaultVirtualJoysticks.uexp" 301
"../../../Engine/Content/MobileResources/HUD/LeftVirtualJoystickOnly.uasset" 302
"../../../Engine/Content/MobileResources/HUD/LeftVirtualJoystickOnly.uexp" 303
"../../../Engine/Content/MobileResources/HUD/MobileHUDButton1_off.uasset" 304
"../../../Engine/Content/MobileResources/HUD/MobileHUDButton1_off.uexp" 305
"../../../Engine/Content/MobileResources/HUD/MobileHUDButton1_on.uasset" 306
"../../../Engine/Content/MobileResources/HUD/MobileHUDButton1_on.uexp" 307
"../../../Engine/Content/MobileResources/HUD/MobileHUDButton2_off.uasset" 308
"../../../Engine/Content/MobileResources/HUD/MobileHUDButton2_off.uexp" 309
"../../../Engine/Content/MobileResources/HUD/MobileHUDButton2_on.uasset" 310
"../../../Engine/Content/MobileResources/HUD/MobileHUDButton2_on.uexp" 311
"../../../Engine/Content/MobileResources/HUD/MobileHUDButton3.uasset" 312
"../../../Engine/Content/MobileResources/HUD/MobileHUDButton3.uexp" 313
"../../../Engine/Content/MobileResources/HUD/MobileHUDButtonFire.uasset" 314
"../../../Engine/Content/MobileResources/HUD/MobileHUDButtonFire.uexp" 315
"../../../Engine/Content/MobileResources/HUD/MobileHUDDirectionPad.uasset" 316
"../../../Engine/Content/MobileResources/HUD/MobileHUDDirectionPad.uexp" 317
"../../../Engine/Content/MobileResources/HUD/MobileHUDDirectionPad2.uasset" 318
"../../../Engine/Content/MobileResources/HUD/MobileHUDDirectionPad2.uexp" 319
"../../../Engine/Content/MobileResources/HUD/MobileHUDDirectionPad3.uasset" 320
"../../../Engine/Content/MobileResources/HUD/MobileHUDDirectionPad3.uexp" 321
"../../../Engine/Content/MobileResources/HUD/MobileHUDDirectionStick.uasset" 322
"../../../Engine/Content/MobileResources/HUD/MobileHUDDirectionStick.uexp" 323
"../../../Engine/Content/MobileResources/HUD/T_Castle_ThumbstickInner.uasset" 324
"../../../Engine/Content/MobileResources/HUD/T_Castle_ThumbstickInner.uexp" 325
"../../../Engine/Content/MobileResources/HUD/T_Castle_ThumbstickOutter.uasset" 326
"../../../Engine/Content/MobileResources/HUD/T_Castle_ThumbstickOutter.uexp" 327
"../../../Engine/Content/Tutorial/ContentIntroCurve.uasset" 328
"../../../Engine/Content/Tutorial/ContentIntroCurve.uexp" 329
"../../../Engine/Content/VREditor/LaserPointer/VR_LaserPower_01.uasset" 330
"../../../Engine/Content/VREditor/LaserPointer/VR_LaserPower_01.uexp" 331
"../../../Engine/Content/VREditor/LaserPointer/VR_LaserPower_01.ubulk" 332
"../../../Engine/Content/VREditor/TransformGizmo/TransformGizmoMaterial.uasset" 333
"../../../Engine/Content/VREditor/TransformGizmo/TransformGizmoMaterial.uexp" 334
"../../../Engine/Content/VREditor/TransformGizmo/TranslucentTransformGizmoMaterial.uasset" 335
"../../../Engine/Content/VREditor/TransformGizmo/TranslucentTransformGizmoMaterial.uexp" 336
"../../../Engine/Content/VREditor/TransformGizmo/BoundingBoxCorner.uasset" 337
"../../../Engine/Content/VREditor/TransformGizmo/BoundingBoxCorner.uexp" 338
"../../../Engine/Content/VREditor/TransformGizmo/BoundingBoxCorner.ubulk" 339
"../../../Engine/Content/VREditor/TransformGizmo/BoundingBoxEdge.uasset" 340
"../../../Engine/Content/VREditor/TransformGizmo/BoundingBoxEdge.uexp" 341
"../../../Engine/Content/VREditor/TransformGizmo/BoundingBoxEdge.ubulk" 342
"../../../Engine/Content/VREditor/TransformGizmo/PlaneTranslationHandle.uasset" 343
"../../../Engine/Content/VREditor/TransformGizmo/PlaneTranslationHandle.uexp" 344
"../../../Engine/Content/VREditor/TransformGizmo/PlaneTranslationHandle.ubulk" 345
"../../../Engine/Content/VREditor/TransformGizmo/Xray.uasset" 346
"../../../Engine/Content/VREditor/TransformGizmo/Xray.uexp" 347
"../../../Engine/Content/VREditor/TransformGizmo/Main.uasset" 348
"../../../Engine/Content/VREditor/TransformGizmo/Main.uexp" 349
"../../../Engine/Content/VREditor/TransformGizmo/SM_Sequencer_Key.uasset" 350
"../../../Engine/Content/VREditor/TransformGizmo/SM_Sequencer_Key.uexp" 351
"../../../Engine/Content/VREditor/TransformGizmo/SM_Sequencer_Key.ubulk" 352
"../../../Engine/Content/VREditor/TransformGizmo/SM_Sequencer_Node.uasset" 353
"../../../Engine/Content/VREditor/TransformGizmo/SM_Sequencer_Node.uexp" 354
"../../../Engine/Content/VREditor/TransformGizmo/SM_Sequencer_Node.ubulk" 355
"../../../Engine/Plugins/2D/Paper2D/Content/PlaceholderTextures/DummySpriteTexture.uasset" 356
"../../../Engine/Plugins/2D/Paper2D/Content/PlaceholderTextures/DummySpriteTexture.uexp" 357
"../../../Engine/Plugins/2D/Paper2D/Content/PlaceholderTextures/DummySpriteTexture.ubulk" 358
"../../../Engine/Plugins/2D/Paper2D/Content/DummySprite.uasset" 359
"../../../Engine/Plugins/2D/Paper2D/Content/DummySprite.uexp" 360
"../../../Engine/Plugins/2D/Paper2D/Content/DefaultPaperTerrainMaterial.uasset" 361
"../../../Engine/Plugins/2D/Paper2D/Content/DefaultPaperTerrainMaterial.uexp" 362
"../../../Engine/Plugins/2D/Paper2D/Content/DefaultSpriteMaterial.uasset" 363
"../../../Engine/Plugins/2D/Paper2D/Content/DefaultSpriteMaterial.uexp" 364
"../../../Engine/Plugins/2D/Paper2D/Content/MaskedUnlitSpriteMaterial.uasset" 365
"../../../Engine/Plugins/2D/Paper2D/Content/MaskedUnlitSpriteMaterial.uexp" 366
"../../../Engine/Plugins/2D/Paper2D/Content/OpaqueUnlitSpriteMaterial.uasset" 367
"../../../Engine/Plugins/2D/Paper2D/Content/OpaqueUnlitSpriteMaterial.uexp" 368
"../../../Engine/Content/Functions/Engine_MaterialFunctions02/SafeNormalize.uasset" 369
"../../../Engine/Content/Functions/Engine_MaterialFunctions02/SafeNormalize.uexp" 370
"../../../Engine/Content/Functions/Engine_MaterialFunctions02/ObjectLocalBounds.uasset" 371
"../../../Engine/Content/Functions/Engine_MaterialFunctions02/ObjectLocalBounds.uexp" 372
"../../../Engine/Content/Functions/Engine_MaterialFunctions02/UVs/BoundingBoxBased_0-1_UVW.uasset" 373
"../../../Engine/Content/Functions/Engine_MaterialFunctions02/UVs/BoundingBoxBased_0-1_UVW.uexp" 374
"../../../Engine/Plugins/Editor/SpeedTreeImporter/Content/SpeedTree9/game_wind_noise.uasset" 375
"../../../Engine/Plugins/Editor/SpeedTreeImporter/Content/SpeedTree9/game_wind_noise.uexp" 376
"../../../Engine/Plugins/Editor/SpeedTreeImporter/Content/SpeedTree9/game_wind_noise.ubulk" 377
"../../../Engine/Plugins/Editor/SpeedTreeImporter/Content/SpeedTree9/SpeedTreeBillboard.uasset" 378
"../../../Engine/Plugins/Editor/SpeedTreeImporter/Content/SpeedTree9/SpeedTreeBillboard.uexp" 379
"../../../Engine/Plugins/Editor/SpeedTreeImporter/Content/SpeedTree9/SpeedTreeWindMotion.uasset" 380
"../../../Engine/Plugins/Editor/SpeedTreeImporter/Content/SpeedTree9/SpeedTreeWindMotion.uexp" 381
"../../../Engine/Plugins/Editor/SpeedTreeImporter/Content/SpeedTree9/UnpackDirection.uasset" 382
"../../../Engine/Plugins/Editor/SpeedTreeImporter/Content/SpeedTree9/UnpackDirection.uexp" 383
"../../../Engine/Plugins/Editor/SpeedTreeImporter/Content/SpeedTree9/UnpackInteger3.uasset" 384
"../../../Engine/Plugins/Editor/SpeedTreeImporter/Content/SpeedTree9/UnpackInteger3.uexp" 385
"../../../Engine/Plugins/Editor/SpeedTreeImporter/Content/SpeedTree9/SpeedTreeBranchMotion.uasset" 386
"../../../Engine/Plugins/Editor/SpeedTreeImporter/Content/SpeedTree9/SpeedTreeBranchMotion.uexp" 387
"../../../Engine/Plugins/Editor/SpeedTreeImporter/Content/SpeedTree9/SpeedTreeWind.uasset" 388
"../../../Engine/Plugins/Editor/SpeedTreeImporter/Content/SpeedTree9/SpeedTreeWind.uexp" 389
"../../../Engine/Content/EngineResources/DefaultTexture.uasset" 390
"../../../Engine/Content/EngineResources/DefaultTexture.uexp" 391
"../../../Engine/Content/EngineResources/DefaultTexture.ubulk" 392
"../../../Engine/Plugins/Editor/SpeedTreeImporter/Content/SpeedTree9/SpeedTreeBillboardMaster.uasset" 393
"../../../Engine/Plugins/Editor/SpeedTreeImporter/Content/SpeedTree9/SpeedTreeBillboardMaster.uexp" 394
"../../../Engine/Plugins/Editor/SpeedTreeImporter/Content/SpeedTree9/SpeedTreeCameraFacing.uasset" 395
"../../../Engine/Plugins/Editor/SpeedTreeImporter/Content/SpeedTree9/SpeedTreeCameraFacing.uexp" 396
"../../../Engine/Plugins/Editor/SpeedTreeImporter/Content/SpeedTree9/SpeedTreeMaster.uasset" 397
"../../../Engine/Plugins/Editor/SpeedTreeImporter/Content/SpeedTree9/SpeedTreeMaster.uexp" 398
"../../../Engine/Content/ArtTools/RenderToTexture/Materials/Debug/M_Emissive_Color.uasset" 399
"../../../Engine/Content/ArtTools/RenderToTexture/Materials/Debug/M_Emissive_Color.uexp" 400
"../../../Engine/Content/BasicShapes/Cylinder.uasset" 401
"../../../Engine/Content/BasicShapes/Cylinder.uexp" 402
"../../../Engine/Content/BasicShapes/Cylinder.ubulk" 403
"../../../Engine/Plugins/Lumin/MagicLeapPassableWorld/Content/MagicLeapARPinInfoActor.uasset" 404
"../../../Engine/Plugins/Lumin/MagicLeapPassableWorld/Content/MagicLeapARPinInfoActor.uexp" 405
"../../../Engine/Plugins/Runtime/HairStrands/Content/Materials/HairCardsDefaultMaterial.uasset" 406
"../../../Engine/Plugins/Runtime/HairStrands/Content/Materials/HairCardsDefaultMaterial.uexp" 407
"../../../Engine/Content/EngineMaterials/HairColorMap.uasset" 408
"../../../Engine/Content/EngineMaterials/HairColorMap.uexp" 409
"../../../Engine/Content/EngineMaterials/HairDebugColor.uasset" 410
"../../../Engine/Content/EngineMaterials/HairDebugColor.uexp" 411
"../../../Engine/Plugins/Runtime/HairStrands/Content/Materials/HairDebugMaterial.uasset" 412
"../../../Engine/Plugins/Runtime/HairStrands/Content/Materials/HairDebugMaterial.uexp" 413
"../../../Engine/Plugins/Runtime/HairStrands/Content/Materials/HairDefaultMaterial.uasset" 414
"../../../Engine/Plugins/Runtime/HairStrands/Content/Materials/HairDefaultMaterial.uexp" 415
"../../../Engine/Plugins/Runtime/HairStrands/Content/Materials/HairMeshesDefaultMaterial.uasset" 416
"../../../Engine/Plugins/Runtime/HairStrands/Content/Materials/HairMeshesDefaultMaterial.uexp" 417
"../../../Engine/Content/Functions/Engine_MaterialFunctions02/Utility/BreakOutFloat4Components.uasset" 418
"../../../Engine/Content/Functions/Engine_MaterialFunctions02/Utility/BreakOutFloat4Components.uexp" 419
"../../../Engine/Plugins/Runtime/Oculus/OculusVR/Content/Materials/OculusMR_ChromaKey.uasset" 420
"../../../Engine/Plugins/Runtime/Oculus/OculusVR/Content/Materials/OculusMR_ChromaKey.uexp" 421
"../../../Engine/Plugins/Runtime/Oculus/OculusVR/Content/Materials/OculusMR_OpaqueColoredMaterial.uasset" 422
"../../../Engine/Plugins/Runtime/Oculus/OculusVR/Content/Materials/OculusMR_OpaqueColoredMaterial.uexp" 423
"../../../Engine/Plugins/Runtime/Oculus/OculusVR/Content/Materials/PokeAHoleMaterial.uasset" 424
"../../../Engine/Plugins/Runtime/Oculus/OculusVR/Content/Materials/PokeAHoleMaterial.uexp" 425
"D:/Unreal Projects/GameJam_01/Content/OldBrickHouse/Textures/T_Roof_N.uasset" 426
"D:/Unreal Projects/GameJam_01/Content/OldBrickHouse/Textures/T_Roof_N.uexp" 427
"D:/Unreal Projects/GameJam_01/Content/OldBrickHouse/Textures/T_Roof_N.ubulk" 428
"D:/Unreal Projects/GameJam_01/Content/OldBrickHouse/Textures/T_Roof_MTRAO.uasset" 429
"D:/Unreal Projects/GameJam_01/Content/OldBrickHouse/Textures/T_Roof_MTRAO.uexp" 430
"D:/Unreal Projects/GameJam_01/Content/OldBrickHouse/Textures/T_Roof_MTRAO.ubulk" 431
"D:/Unreal Projects/GameJam_01/Content/OldBrickHouse/Textures/T_Roof_Height.uasset" 432
"D:/Unreal Projects/GameJam_01/Content/OldBrickHouse/Textures/T_Roof_Height.uexp" 433
"D:/Unreal Projects/GameJam_01/Content/OldBrickHouse/Textures/T_Roof_Height.ubulk" 434
"D:/Unreal Projects/GameJam_01/Content/OldBrickHouse/Textures/T_Roof_BC.uasset" 435
"D:/Unreal Projects/GameJam_01/Content/OldBrickHouse/Textures/T_Roof_BC.uexp" 436
"D:/Unreal Projects/GameJam_01/Content/OldBrickHouse/Textures/T_Roof_BC.ubulk" 437
"D:/Unreal Projects/GameJam_01/Content/OldBrickHouse/Textures/Basemaps/T_BaseMTRAO.uasset" 438
"D:/Unreal Projects/GameJam_01/Content/OldBrickHouse/Textures/Basemaps/T_BaseMTRAO.uexp" 439
"D:/Unreal Projects/GameJam_01/Content/OldBrickHouse/Textures/Basemaps/T_BaseMTRAO.ubulk" 440
"D:/Unreal Projects/GameJam_01/Content/OldBrickHouse/Textures/Basemaps/T_Basetexture.uasset" 441
"D:/Unreal Projects/GameJam_01/Content/OldBrickHouse/Textures/Basemaps/T_Basetexture.uexp" 442
"D:/Unreal Projects/GameJam_01/Content/OldBrickHouse/Textures/Basemaps/T_Basetexture.ubulk" 443
"../../../Engine/Content/Functions/Engine_MaterialFunctions02/Utility/VectorLength.uasset" 444
"../../../Engine/Content/Functions/Engine_MaterialFunctions02/Utility/VectorLength.uexp" 445
"D:/Unreal Projects/GameJam_01/Content/OldBrickHouse/Textures/Basemaps/T_Basenormal.uasset" 446
"D:/Unreal Projects/GameJam_01/Content/OldBrickHouse/Textures/Basemaps/T_Basenormal.uexp" 447
"D:/Unreal Projects/GameJam_01/Content/OldBrickHouse/Textures/Basemaps/T_Basenormal.ubulk" 448
"../../../Engine/Content/Functions/Engine_MaterialFunctions02/HueShift.uasset" 449
"../../../Engine/Content/Functions/Engine_MaterialFunctions02/HueShift.uexp" 450
"../../../Engine/Content/EngineVolumetrics/Fogsheet/Materials/T_EV_BlankWhite_01.uasset" 451
"../../../Engine/Content/EngineVolumetrics/Fogsheet/Materials/T_EV_BlankWhite_01.uexp" 452
"../../../Engine/Content/Functions/Engine_MaterialFunctions02/Math/CreateThirdOrthogonalVector.uasset" 453
"../../../Engine/Content/Functions/Engine_MaterialFunctions02/Math/CreateThirdOrthogonalVector.uexp" 454
"../../../Engine/Content/Functions/Engine_MaterialFunctions02/Math/InverseTransformMatrix.uasset" 455
"../../../Engine/Content/Functions/Engine_MaterialFunctions02/Math/InverseTransformMatrix.uexp" 456
"../../../Engine/Content/Functions/Engine_MaterialFunctions02/Math/TransformToZVector.uasset" 457
"../../../Engine/Content/Functions/Engine_MaterialFunctions02/Math/TransformToZVector.uexp" 458
"../../../Engine/Content/Functions/Engine_MaterialFunctions01/Texturing/ParallaxOcclusionMapping.uasset" 459
"../../../Engine/Content/Functions/Engine_MaterialFunctions01/Texturing/ParallaxOcclusionMapping.uexp" 460
"../../../Engine/Content/Functions/Engine_MaterialFunctions02/Texturing/ScreenAlignedPixelToPixelUVs.uasset" 461
"../../../Engine/Content/Functions/Engine_MaterialFunctions02/Texturing/ScreenAlignedPixelToPixelUVs.uexp" 462
"../../../Engine/Content/EngineMaterials/Good64x64TilingNoiseHighFreq.uasset" 463
"../../../Engine/Content/EngineMaterials/Good64x64TilingNoiseHighFreq.uexp" 464
"../../../Engine/Content/Functions/Engine_MaterialFunctions02/Utility/DitherTemporalAA.uasset" 465
"../../../Engine/Content/Functions/Engine_MaterialFunctions02/Utility/DitherTemporalAA.uexp" 466
"D:/Unreal Projects/GameJam_01/Content/OldBrickHouse/Materials/Masters/M_Tiling.uasset" 467
"D:/Unreal Projects/GameJam_01/Content/OldBrickHouse/Materials/Masters/M_Tiling.uexp" 468
"D:/Unreal Projects/GameJam_01/Content/OldBrickHouse/Materials/Instances/MI_Roof.uasset" 469
"D:/Unreal Projects/GameJam_01/Content/OldBrickHouse/Materials/Instances/MI_Roof.uexp" 470
"../../../Engine/Content/MapTemplates/SM_Template_Map_Floor.uasset" 471
"../../../Engine/Content/MapTemplates/SM_Template_Map_Floor.uexp" 472
"../../../Engine/Content/MapTemplates/SM_Template_Map_Floor.ubulk" 473
"D:/Unreal Projects/GameJam_01/Content/OldBrickHouse/Textures/Props/T_Rug_01_Mask.uasset" 474
"D:/Unreal Projects/GameJam_01/Content/OldBrickHouse/Textures/Props/T_Rug_01_Mask.uexp" 475
"D:/Unreal Projects/GameJam_01/Content/OldBrickHouse/Textures/Props/T_Rug_01_Mask.ubulk" 476
"D:/Unreal Projects/GameJam_01/Content/OldBrickHouse/Textures/Props/T_Rugs_ARM.uasset" 477
"D:/Unreal Projects/GameJam_01/Content/OldBrickHouse/Textures/Props/T_Rugs_ARM.uexp" 478
"D:/Unreal Projects/GameJam_01/Content/OldBrickHouse/Textures/Props/T_Rugs_ARM.ubulk" 479
"D:/Unreal Projects/GameJam_01/Content/OldBrickHouse/Textures/T_Floor_01_BC.uasset" 480
"D:/Unreal Projects/GameJam_01/Content/OldBrickHouse/Textures/T_Floor_01_BC.uexp" 481
"D:/Unreal Projects/GameJam_01/Content/OldBrickHouse/Textures/T_Floor_01_BC.ubulk" 482
"D:/Unreal Projects/GameJam_01/Content/OldBrickHouse/Textures/Props/T_Rugs_Height.uasset" 483
"D:/Unreal Projects/GameJam_01/Content/OldBrickHouse/Textures/Props/T_Rugs_Height.uexp" 484
"D:/Unreal Projects/GameJam_01/Content/OldBrickHouse/Textures/Props/T_Rugs_Height.ubulk" 485
"D:/Unreal Projects/GameJam_01/Content/OldBrickHouse/Textures/Props/T_Rugs_N.uasset" 486
"D:/Unreal Projects/GameJam_01/Content/OldBrickHouse/Textures/Props/T_Rugs_N.uexp" 487
"D:/Unreal Projects/GameJam_01/Content/OldBrickHouse/Textures/Props/T_Rugs_N.ubulk" 488
"../../../Engine/Content/EngineMaterials/BlendFunc_DefBase.uasset" 489
"../../../Engine/Content/EngineMaterials/BlendFunc_DefBase.uexp" 490
"../../../Engine/Content/EngineMaterials/BlendFunc_DefBlend.uasset" 491
"../../../Engine/Content/EngineMaterials/BlendFunc_DefBlend.uexp" 492
"../../../Engine/Content/Functions/Engine_MaterialFunctions03/Blends/Blend_Overlay.uasset" 493
"../../../Engine/Content/Functions/Engine_MaterialFunctions03/Blends/Blend_Overlay.uexp" 494
"D:/Unreal Projects/GameJam_01/Content/OldBrickHouse/Materials/Masters/M_Rugs.uasset" 495
"D:/Unreal Projects/GameJam_01/Content/OldBrickHouse/Materials/Masters/M_Rugs.uexp" 496
"D:/Unreal Projects/GameJam_01/Content/OldBrickHouse/Textures/Props/T_RedCarpet_BC.uasset" 497
"D:/Unreal Projects/GameJam_01/Content/OldBrickHouse/Textures/Props/T_RedCarpet_BC.uexp" 498
"D:/Unreal Projects/GameJam_01/Content/OldBrickHouse/Textures/Props/T_RedCarpet_BC.ubulk" 499
"D:/Unreal Projects/GameJam_01/Content/OldBrickHouse/Materials/Instances/MI_Carpet_Red.uasset" 500
"D:/Unreal Projects/GameJam_01/Content/OldBrickHouse/Materials/Instances/MI_Carpet_Red.uexp" 501
"D:/Unreal Projects/GameJam_01/Content/_ProjectCUM/Assets/WAV/Horror_Ambience.uasset" 502
"D:/Unreal Projects/GameJam_01/Content/_ProjectCUM/Assets/WAV/Horror_Ambience.uexp" 503
"D:/Unreal Projects/GameJam_01/Content/_ProjectCUM/Assets/WAV/Horror_Ambience.ubulk" 504
"D:/Unreal Projects/GameJam_01/Content/_ProjectCUM/Assets/WAV/Cues/Horror_Ambience_Cue.uasset" 505
"D:/Unreal Projects/GameJam_01/Content/_ProjectCUM/Assets/WAV/Cues/Horror_Ambience_Cue.uexp" 506
"D:/Unreal Projects/GameJam_01/Content/_ProjectCUM/Assets/Fonts/Handwriting.uasset" 507
"D:/Unreal Projects/GameJam_01/Content/_ProjectCUM/Assets/Fonts/Handwriting.uexp" 508
"D:/Unreal Projects/GameJam_01/Content/_ProjectCUM/Assets/Fonts/Handwriting.ufont" 509
"D:/Unreal Projects/GameJam_01/Content/_ProjectCUM/Assets/Fonts/Handwriting_Font.uasset" 510
"D:/Unreal Projects/GameJam_01/Content/_ProjectCUM/Assets/Fonts/Handwriting_Font.uexp" 511
"D:/Unreal Projects/GameJam_01/Content/_ProjectCUM/Widgets/WBP_Controls.uasset" 512
"D:/Unreal Projects/GameJam_01/Content/_ProjectCUM/Widgets/WBP_Controls.uexp" 513
"D:/Unreal Projects/GameJam_01/Content/_ProjectCUM/Blueprints/BP_Controls.uasset" 514
"D:/Unreal Projects/GameJam_01/Content/_ProjectCUM/Blueprints/BP_Controls.uexp" 515
"D:/Unreal Projects/GameJam_01/Content/_ProjectCUM/Widgets/WBP_MenuStartText.uasset" 516
"D:/Unreal Projects/GameJam_01/Content/_ProjectCUM/Widgets/WBP_MenuStartText.uexp" 517
"D:/Unreal Projects/GameJam_01/Content/_ProjectCUM/Blueprints/BP_MenuStartText.uasset" 518
"D:/Unreal Projects/GameJam_01/Content/_ProjectCUM/Blueprints/BP_MenuStartText.uexp" 519
"D:/Unreal Projects/GameJam_01/Content/OldBrickHouse/Materials/Masters/M_Props_Opaque.uasset" 520
"D:/Unreal Projects/GameJam_01/Content/OldBrickHouse/Materials/Masters/M_Props_Opaque.uexp" 521
"D:/Unreal Projects/GameJam_01/Content/OldBrickHouse/Textures/T_Windows_BC.uasset" 522
"D:/Unreal Projects/GameJam_01/Content/OldBrickHouse/Textures/T_Windows_BC.uexp" 523
"D:/Unreal Projects/GameJam_01/Content/OldBrickHouse/Textures/T_Windows_BC.ubulk" 524
"D:/Unreal Projects/GameJam_01/Content/OldBrickHouse/Textures/T_Windows_MTRAO.uasset" 525
"D:/Unreal Projects/GameJam_01/Content/OldBrickHouse/Textures/T_Windows_MTRAO.uexp" 526
"D:/Unreal Projects/GameJam_01/Content/OldBrickHouse/Textures/T_Windows_MTRAO.ubulk" 527
"D:/Unreal Projects/GameJam_01/Content/OldBrickHouse/Textures/T_Windows_N.uasset" 528
"D:/Unreal Projects/GameJam_01/Content/OldBrickHouse/Textures/T_Windows_N.uexp" 529
"D:/Unreal Projects/GameJam_01/Content/OldBrickHouse/Textures/T_Windows_N.ubulk" 530
"D:/Unreal Projects/GameJam_01/Content/OldBrickHouse/Materials/Instances/MI_Windows.uasset" 531
"D:/Unreal Projects/GameJam_01/Content/OldBrickHouse/Materials/Instances/MI_Windows.uexp" 532
"D:/Unreal Projects/GameJam_01/Content/OldBrickHouse/Meshes/Props/SM_Blinds.uasset" 533
"D:/Unreal Projects/GameJam_01/Content/OldBrickHouse/Meshes/Props/SM_Blinds.uexp" 534
"D:/Unreal Projects/GameJam_01/Content/OldBrickHouse/Meshes/Props/SM_Blinds.ubulk" 535
"D:/Unreal Projects/GameJam_01/Content/OldBrickHouse/Textures/T_Glass_01_BCO.uasset" 536
"D:/Unreal Projects/GameJam_01/Content/OldBrickHouse/Textures/T_Glass_01_BCO.uexp" 537
"D:/Unreal Projects/GameJam_01/Content/OldBrickHouse/Textures/T_Glass_01_BCO.ubulk" 538
"D:/Unreal Projects/GameJam_01/Content/OldBrickHouse/Textures/T_Glass_01_MTRAO.uasset" 539
"D:/Unreal Projects/GameJam_01/Content/OldBrickHouse/Textures/T_Glass_01_MTRAO.uexp" 540
"D:/Unreal Projects/GameJam_01/Content/OldBrickHouse/Textures/T_Glass_01_MTRAO.ubulk" 541
"D:/Unreal Projects/GameJam_01/Content/OldBrickHouse/Materials/Masters/M_Glass_01.uasset" 542
"D:/Unreal Projects/GameJam_01/Content/OldBrickHouse/Materials/Masters/M_Glass_01.uexp" 543
"D:/Unreal Projects/GameJam_01/Content/OldBrickHouse/Meshes/House/SM_OldBrickHouse_Window_12.uasset" 544
"D:/Unreal Projects/GameJam_01/Content/OldBrickHouse/Meshes/House/SM_OldBrickHouse_Window_12.uexp" 545
"D:/Unreal Projects/GameJam_01/Content/OldBrickHouse/Meshes/House/SM_OldBrickHouse_Window_12.ubulk" 546
"D:/Unreal Projects/GameJam_01/Content/OldBrickHouse/Textures/T_Interior_01_MTRAO.uasset" 547
"D:/Unreal Projects/GameJam_01/Content/OldBrickHouse/Textures/T_Interior_01_MTRAO.uexp" 548
"D:/Unreal Projects/GameJam_01/Content/OldBrickHouse/Textures/T_Interior_01_MTRAO.ubulk" 549
"D:/Unreal Projects/GameJam_01/Content/OldBrickHouse/Textures/T_Interior_01_N.uasset" 550
"D:/Unreal Projects/GameJam_01/Content/OldBrickHouse/Textures/T_Interior_01_N.uexp" 551
"D:/Unreal Projects/GameJam_01/Content/OldBrickHouse/Textures/T_Interior_01_N.ubulk" 552
"D:/Unreal Projects/GameJam_01/Content/OldBrickHouse/Textures/T_Interior_02_BC.uasset" 553
"D:/Unreal Projects/GameJam_01/Content/OldBrickHouse/Textures/T_Interior_02_BC.uexp" 554
"D:/Unreal Projects/GameJam_01/Content/OldBrickHouse/Textures/T_Interior_02_BC.ubulk" 555
"D:/Unreal Projects/GameJam_01/Content/OldBrickHouse/Textures/T_Interior_BentNormals.uasset" 556
"D:/Unreal Projects/GameJam_01/Content/OldBrickHouse/Textures/T_Interior_BentNormals.uexp" 557
"D:/Unreal Projects/GameJam_01/Content/OldBrickHouse/Textures/T_Interior_BentNormals.ubulk" 558
"D:/Unreal Projects/GameJam_01/Content/OldBrickHouse/Materials/Instances/MI_Interior.uasset" 559
"D:/Unreal Projects/GameJam_01/Content/OldBrickHouse/Materials/Instances/MI_Interior.uexp" 560
"D:/Unreal Projects/GameJam_01/Content/OldBrickHouse/Meshes/House/SM_OldBrickHouse_Frame_Door_Interior.uasset" 561
"D:/Unreal Projects/GameJam_01/Content/OldBrickHouse/Meshes/House/SM_OldBrickHouse_Frame_Door_Interior.uexp" 562
"D:/Unreal Projects/GameJam_01/Content/OldBrickHouse/Meshes/House/SM_OldBrickHouse_Frame_Door_Interior.ubulk" 563
"D:/Unreal Projects/GameJam_01/Content/OldBrickHouse/Meshes/House/SM_OldBrickHouse_Door_Interior_01.uasset" 564
"D:/Unreal Projects/GameJam_01/Content/OldBrickHouse/Meshes/House/SM_OldBrickHouse_Door_Interior_01.uexp" 565
"D:/Unreal Projects/GameJam_01/Content/OldBrickHouse/Meshes/House/SM_OldBrickHouse_Door_Interior_01.ubulk" 566
"../../../Engine/Content/EditorBlueprintResources/StandardMacros.uasset" 567
"../../../Engine/Content/EditorBlueprintResources/StandardMacros.uexp" 568
"D:/Unreal Projects/GameJam_01/Content/_ProjectCUM/Widgets/WBP_StickyNote.uasset" 569
"D:/Unreal Projects/GameJam_01/Content/_ProjectCUM/Widgets/WBP_StickyNote.uexp" 570
"D:/Unreal Projects/GameJam_01/Content/_ProjectCUM/Materials/M_BasicColor.uasset" 571
"D:/Unreal Projects/GameJam_01/Content/_ProjectCUM/Materials/M_BasicColor.uexp" 572
"D:/Unreal Projects/GameJam_01/Content/_ProjectCUM/Assets/Meshes/SM_Thumbtack_Body.uasset" 573
"D:/Unreal Projects/GameJam_01/Content/_ProjectCUM/Assets/Meshes/SM_Thumbtack_Body.uexp" 574
"D:/Unreal Projects/GameJam_01/Content/_ProjectCUM/Assets/Meshes/SM_Thumbtack_Body.ubulk" 575
"D:/Unreal Projects/GameJam_01/Content/_ProjectCUM/Materials/MI_Silver.uasset" 576
"D:/Unreal Projects/GameJam_01/Content/_ProjectCUM/Materials/MI_Silver.uexp" 577
"D:/Unreal Projects/GameJam_01/Content/_ProjectCUM/Assets/Meshes/SM_Thumbtack_Needle.uasset" 578
"D:/Unreal Projects/GameJam_01/Content/_ProjectCUM/Assets/Meshes/SM_Thumbtack_Needle.uexp" 579
"D:/Unreal Projects/GameJam_01/Content/_ProjectCUM/Assets/Meshes/SM_Thumbtack_Needle.ubulk" 580
"D:/Unreal Projects/GameJam_01/Content/_ProjectCUM/Materials/M_StickyNote.uasset" 581
"D:/Unreal Projects/GameJam_01/Content/_ProjectCUM/Materials/M_StickyNote.uexp" 582
"D:/Unreal Projects/GameJam_01/Content/_ProjectCUM/Blueprints/StickyNotes/BP_StickyNote_Clue.uasset" 583
"D:/Unreal Projects/GameJam_01/Content/_ProjectCUM/Blueprints/StickyNotes/BP_StickyNote_Clue.uexp" 584
"D:/Unreal Projects/GameJam_01/Content/_ProjectCUM/Assets/WAV/Door_Closing.uasset" 585
"D:/Unreal Projects/GameJam_01/Content/_ProjectCUM/Assets/WAV/Door_Closing.uexp" 586
"D:/Unreal Projects/GameJam_01/Content/_ProjectCUM/Assets/WAV/Door_Closing.ubulk" 587
"D:/Unreal Projects/GameJam_01/Content/_ProjectCUM/Assets/WAV/Cues/Door_Closing_Cue.uasset" 588
"D:/Unreal Projects/GameJam_01/Content/_ProjectCUM/Assets/WAV/Cues/Door_Closing_Cue.uexp" 589
"D:/Unreal Projects/GameJam_01/Content/_ProjectCUM/Assets/WAV/Door_Opening.uasset" 590
"D:/Unreal Projects/GameJam_01/Content/_ProjectCUM/Assets/WAV/Door_Opening.uexp" 591
"D:/Unreal Projects/GameJam_01/Content/_ProjectCUM/Assets/WAV/Door_Opening.ubulk" 592
"D:/Unreal Projects/GameJam_01/Content/_ProjectCUM/Assets/WAV/Cues/Door_Opening_Cue.uasset" 593
"D:/Unreal Projects/GameJam_01/Content/_ProjectCUM/Assets/WAV/Cues/Door_Opening_Cue.uexp" 594
"D:/Unreal Projects/GameJam_01/Content/_ProjectCUM/Assets/WAV/Heavy_Footsteps.uasset" 595
"D:/Unreal Projects/GameJam_01/Content/_ProjectCUM/Assets/WAV/Heavy_Footsteps.uexp" 596
"D:/Unreal Projects/GameJam_01/Content/_ProjectCUM/Assets/WAV/Heavy_Footsteps.ubulk" 597
"D:/Unreal Projects/GameJam_01/Content/_ProjectCUM/Assets/WAV/Cues/Heavy_Footsteps_Cue.uasset" 598
"D:/Unreal Projects/GameJam_01/Content/_ProjectCUM/Assets/WAV/Cues/Heavy_Footsteps_Cue.uexp" 599
"D:/Unreal Projects/GameJam_01/Content/_ProjectCUM/Assets/WAV/Knock_knock_rightside.uasset" 600
"D:/Unreal Projects/GameJam_01/Content/_ProjectCUM/Assets/WAV/Knock_knock_rightside.uexp" 601
"D:/Unreal Projects/GameJam_01/Content/_ProjectCUM/Assets/WAV/Knock_knock_rightside.ubulk" 602
"D:/Unreal Projects/GameJam_01/Content/_ProjectCUM/Assets/WAV/Cues/Knock_knock_rightside_Cue.uasset" 603
"D:/Unreal Projects/GameJam_01/Content/_ProjectCUM/Assets/WAV/Cues/Knock_knock_rightside_Cue.uexp" 604
"D:/Unreal Projects/GameJam_01/Content/_ProjectCUM/Assets/WAV/LIGHT_BULB_EXPLOSION.uasset" 605
"D:/Unreal Projects/GameJam_01/Content/_ProjectCUM/Assets/WAV/LIGHT_BULB_EXPLOSION.uexp" 606
"D:/Unreal Projects/GameJam_01/Content/_ProjectCUM/Assets/WAV/LIGHT_BULB_EXPLOSION.ubulk" 607
"D:/Unreal Projects/GameJam_01/Content/_ProjectCUM/Assets/WAV/Cues/LIGHT_BULB_EXPLOSION_Cue.uasset" 608
"D:/Unreal Projects/GameJam_01/Content/_ProjectCUM/Assets/WAV/Cues/LIGHT_BULB_EXPLOSION_Cue.uexp" 609
"D:/Unreal Projects/GameJam_01/Content/_ProjectCUM/Assets/WAV/Old_Rotary_Phone_Ringing.uasset" 610
"D:/Unreal Projects/GameJam_01/Content/_ProjectCUM/Assets/WAV/Old_Rotary_Phone_Ringing.uexp" 611
"D:/Unreal Projects/GameJam_01/Content/_ProjectCUM/Assets/WAV/Old_Rotary_Phone_Ringing.ubulk" 612
"D:/Unreal Projects/GameJam_01/Content/_ProjectCUM/Assets/WAV/Cues/Old_Rotary_Phone_Ringing_Cue.uasset" 613
"D:/Unreal Projects/GameJam_01/Content/_ProjectCUM/Assets/WAV/Cues/Old_Rotary_Phone_Ringing_Cue.uexp" 614
"D:/Unreal Projects/GameJam_01/Content/_ProjectCUM/Assets/WAV/Phone_Hang_Up.uasset" 615
"D:/Unreal Projects/GameJam_01/Content/_ProjectCUM/Assets/WAV/Phone_Hang_Up.uexp" 616
"D:/Unreal Projects/GameJam_01/Content/_ProjectCUM/Assets/WAV/Phone_Hang_Up.ubulk" 617
"D:/Unreal Projects/GameJam_01/Content/_ProjectCUM/Assets/WAV/Cues/Phone_Hang_Up_Cue.uasset" 618
"D:/Unreal Projects/GameJam_01/Content/_ProjectCUM/Assets/WAV/Cues/Phone_Hang_Up_Cue.uexp" 619
"D:/Unreal Projects/GameJam_01/Content/_ProjectCUM/Assets/WAV/Phone_Pick_Up_Sound.uasset" 620
"D:/Unreal Projects/GameJam_01/Content/_ProjectCUM/Assets/WAV/Phone_Pick_Up_Sound.uexp" 621
"D:/Unreal Projects/GameJam_01/Content/_ProjectCUM/Assets/WAV/Phone_Pick_Up_Sound.ubulk" 622
"D:/Unreal Projects/GameJam_01/Content/_ProjectCUM/Assets/WAV/Cues/Phone_Pick_Up_Sound_Cue.uasset" 623
"D:/Unreal Projects/GameJam_01/Content/_ProjectCUM/Assets/WAV/Cues/Phone_Pick_Up_Sound_Cue.uexp" 624
"D:/Unreal Projects/GameJam_01/Content/_ProjectCUM/Assets/WAV/Realistic_Gunshot.uasset" 625
"D:/Unreal Projects/GameJam_01/Content/_ProjectCUM/Assets/WAV/Realistic_Gunshot.uexp" 626
"D:/Unreal Projects/GameJam_01/Content/_ProjectCUM/Assets/WAV/Realistic_Gunshot.ubulk" 627
"D:/Unreal Projects/GameJam_01/Content/_ProjectCUM/Assets/WAV/Cues/Realistic_Gunshot_Cue.uasset" 628
"D:/Unreal Projects/GameJam_01/Content/_ProjectCUM/Assets/WAV/Cues/Realistic_Gunshot_Cue.uexp" 629
"D:/Unreal Projects/GameJam_01/Content/_ProjectCUM/Assets/WAV/Thunder_Sound_Effect-_p_.uasset" 630
"D:/Unreal Projects/GameJam_01/Content/_ProjectCUM/Assets/WAV/Thunder_Sound_Effect-_p_.uexp" 631
"D:/Unreal Projects/GameJam_01/Content/_ProjectCUM/Assets/WAV/Thunder_Sound_Effect-_p_.ubulk" 632
"D:/Unreal Projects/GameJam_01/Content/_ProjectCUM/Assets/WAV/Cues/Thunder_Sound_Effect-_p__Cue.uasset" 633
"D:/Unreal Projects/GameJam_01/Content/_ProjectCUM/Assets/WAV/Cues/Thunder_Sound_Effect-_p__Cue.uexp" 634
"D:/Unreal Projects/GameJam_01/Content/_ProjectCUM/Blueprints/BP_ChairPlayerSpawn.uasset" 635
"D:/Unreal Projects/GameJam_01/Content/_ProjectCUM/Blueprints/BP_ChairPlayerSpawn.uexp" 636
"D:/Unreal Projects/GameJam_01/Content/_ProjectCUM/Blueprints/E_WallPosition.uasset" 637
"D:/Unreal Projects/GameJam_01/Content/_ProjectCUM/Blueprints/E_WallPosition.uexp" 638
"../../../Engine/Content/BasicShapes/Cube.uasset" 639
"../../../Engine/Content/BasicShapes/Cube.uexp" 640
"../../../Engine/Content/BasicShapes/Cube.ubulk" 641
"D:/Unreal Projects/GameJam_01/Content/_ProjectCUM/Blueprints/Items/BP_Item.uasset" 642
"D:/Unreal Projects/GameJam_01/Content/_ProjectCUM/Blueprints/Items/BP_Item.uexp" 643
"D:/Unreal Projects/GameJam_01/Content/_ProjectCUM/Assets/Textures/T_Glasses.uasset" 644
"D:/Unreal Projects/GameJam_01/Content/_ProjectCUM/Assets/Textures/T_Glasses.uexp" 645
"D:/Unreal Projects/GameJam_01/Content/_ProjectCUM/Assets/Textures/T_Pants.uasset" 646
"D:/Unreal Projects/GameJam_01/Content/_ProjectCUM/Assets/Textures/T_Pants.uexp" 647
"D:/Unreal Projects/GameJam_01/Content/_ProjectCUM/Assets/Textures/T_Wallet.uasset" 648
"D:/Unreal Projects/GameJam_01/Content/_ProjectCUM/Assets/Textures/T_Wallet.uexp" 649
"D:/Unreal Projects/GameJam_01/Content/_ProjectCUM/Widgets/WBP_HUD.uasset" 650
"D:/Unreal Projects/GameJam_01/Content/_ProjectCUM/Widgets/WBP_HUD.uexp" 651
"D:/Unreal Projects/GameJam_01/Content/_ProjectCUM/Player/BP_PlayerCharacter.uasset" 652
"D:/Unreal Projects/GameJam_01/Content/_ProjectCUM/Player/BP_PlayerCharacter.uexp" 653
"D:/Unreal Projects/GameJam_01/Content/OldBrickHouse/Textures/T_Wall_05_BC.uasset" 654
"D:/Unreal Projects/GameJam_01/Content/OldBrickHouse/Textures/T_Wall_05_BC.uexp" 655
"D:/Unreal Projects/GameJam_01/Content/OldBrickHouse/Textures/T_Wall_05_BC.ubulk" 656
"D:/Unreal Projects/GameJam_01/Content/OldBrickHouse/Textures/T_Wall_05_MTRAO.uasset" 657
"D:/Unreal Projects/GameJam_01/Content/OldBrickHouse/Textures/T_Wall_05_MTRAO.uexp" 658
"D:/Unreal Projects/GameJam_01/Content/OldBrickHouse/Textures/T_Wall_05_MTRAO.ubulk" 659
"D:/Unreal Projects/GameJam_01/Content/OldBrickHouse/Textures/T_Wall_05_N.uasset" 660
"D:/Unreal Projects/GameJam_01/Content/OldBrickHouse/Textures/T_Wall_05_N.uexp" 661
"D:/Unreal Projects/GameJam_01/Content/OldBrickHouse/Textures/T_Wall_05_N.ubulk" 662
"D:/Unreal Projects/GameJam_01/Content/OldBrickHouse/Materials/Instances/MI_Wall_05.uasset" 663
"D:/Unreal Projects/GameJam_01/Content/OldBrickHouse/Materials/Instances/MI_Wall_05.uexp" 664
"D:/Unreal Projects/GameJam_01/Content/_ProjectCUM/Materials/MI_Black.uasset" 665
"D:/Unreal Projects/GameJam_01/Content/_ProjectCUM/Materials/MI_Black.uexp" 666
"../../../Engine/Content/BasicShapes/Plane.uasset" 667
"../../../Engine/Content/BasicShapes/Plane.uexp" 668
"../../../Engine/Content/BasicShapes/Plane.ubulk" 669
"D:/Unreal Projects/GameJam_01/Content/_ProjectCUM/Widgets/WBP_InteractKey.uasset" 670
"D:/Unreal Projects/GameJam_01/Content/_ProjectCUM/Widgets/WBP_InteractKey.uexp" 671
"D:/Unreal Projects/GameJam_01/Content/_ProjectCUM/Blueprints/BP_RandomWall.uasset" 672
"D:/Unreal Projects/GameJam_01/Content/_ProjectCUM/Blueprints/BP_RandomWall.uexp" 673
"D:/Unreal Projects/GameJam_01/Content/OldBrickHouse/Textures/Props/T_Coffeetable_BC.uasset" 674
"D:/Unreal Projects/GameJam_01/Content/OldBrickHouse/Textures/Props/T_Coffeetable_BC.uexp" 675
"D:/Unreal Projects/GameJam_01/Content/OldBrickHouse/Textures/Props/T_Coffeetable_BC.ubulk" 676
"D:/Unreal Projects/GameJam_01/Content/OldBrickHouse/Textures/Props/T_Coffeetable_MTRAO.uasset" 677
"D:/Unreal Projects/GameJam_01/Content/OldBrickHouse/Textures/Props/T_Coffeetable_MTRAO.uexp" 678
"D:/Unreal Projects/GameJam_01/Content/OldBrickHouse/Textures/Props/T_Coffeetable_MTRAO.ubulk" 679
"D:/Unreal Projects/GameJam_01/Content/OldBrickHouse/Textures/Props/T_Coffeetable_N.uasset" 680
"D:/Unreal Projects/GameJam_01/Content/OldBrickHouse/Textures/Props/T_Coffeetable_N.uexp" 681
"D:/Unreal Projects/GameJam_01/Content/OldBrickHouse/Textures/Props/T_Coffeetable_N.ubulk" 682
"D:/Unreal Projects/GameJam_01/Content/OldBrickHouse/Textures/Props/T_Gasheater_E.uasset" 683
"D:/Unreal Projects/GameJam_01/Content/OldBrickHouse/Textures/Props/T_Gasheater_E.uexp" 684
"D:/Unreal Projects/GameJam_01/Content/OldBrickHouse/Textures/Props/T_Gasheater_E.ubulk" 685
"D:/Unreal Projects/GameJam_01/Content/OldBrickHouse/Materials/Instances/MI_CoffeeTable_Blue.uasset" 686
"D:/Unreal Projects/GameJam_01/Content/OldBrickHouse/Materials/Instances/MI_CoffeeTable_Blue.uexp" 687
"D:/Unreal Projects/GameJam_01/Content/OldBrickHouse/Meshes/Props/SM_Coffeetable.uasset" 688
"D:/Unreal Projects/GameJam_01/Content/OldBrickHouse/Meshes/Props/SM_Coffeetable.uexp" 689
"D:/Unreal Projects/GameJam_01/Content/OldBrickHouse/Meshes/Props/SM_Coffeetable.ubulk" 690
"D:/Unreal Projects/GameJam_01/Content/OldBrickHouse/Textures/T_Floor_03_BC.uasset" 691
"D:/Unreal Projects/GameJam_01/Content/OldBrickHouse/Textures/T_Floor_03_BC.uexp" 692
"D:/Unreal Projects/GameJam_01/Content/OldBrickHouse/Textures/T_Floor_03_BC.ubulk" 693
"D:/Unreal Projects/GameJam_01/Content/OldBrickHouse/Textures/T_Floor_03_ColorMask.uasset" 694
"D:/Unreal Projects/GameJam_01/Content/OldBrickHouse/Textures/T_Floor_03_ColorMask.uexp" 695
"D:/Unreal Projects/GameJam_01/Content/OldBrickHouse/Textures/T_Floor_03_ColorMask.ubulk" 696
"D:/Unreal Projects/GameJam_01/Content/OldBrickHouse/Textures/T_Floor_03_MTRAO.uasset" 697
"D:/Unreal Projects/GameJam_01/Content/OldBrickHouse/Textures/T_Floor_03_MTRAO.uexp" 698
"D:/Unreal Projects/GameJam_01/Content/OldBrickHouse/Textures/T_Floor_03_MTRAO.ubulk" 699
"D:/Unreal Projects/GameJam_01/Content/OldBrickHouse/Textures/T_Floor_03_N.uasset" 700
"D:/Unreal Projects/GameJam_01/Content/OldBrickHouse/Textures/T_Floor_03_N.uexp" 701
"D:/Unreal Projects/GameJam_01/Content/OldBrickHouse/Textures/T_Floor_03_N.ubulk" 702
"D:/Unreal Projects/GameJam_01/Content/OldBrickHouse/Materials/Instances/MI_Floor_Tiles_02.uasset" 703
"D:/Unreal Projects/GameJam_01/Content/OldBrickHouse/Materials/Instances/MI_Floor_Tiles_02.uexp" 704
"D:/Unreal Projects/GameJam_01/Content/OldBrickHouse/Textures/Props/T_TVCabinet_N.uasset" 705
"D:/Unreal Projects/GameJam_01/Content/OldBrickHouse/Textures/Props/T_TVCabinet_N.uexp" 706
"D:/Unreal Projects/GameJam_01/Content/OldBrickHouse/Textures/Props/T_TVCabinet_N.ubulk" 707
"D:/Unreal Projects/GameJam_01/Content/OldBrickHouse/Textures/Props/T_TVCabinet_MTRAO.uasset" 708
"D:/Unreal Projects/GameJam_01/Content/OldBrickHouse/Textures/Props/T_TVCabinet_MTRAO.uexp" 709
"D:/Unreal Projects/GameJam_01/Content/OldBrickHouse/Textures/Props/T_TVCabinet_MTRAO.ubulk" 710
"D:/Unreal Projects/GameJam_01/Content/OldBrickHouse/Textures/Props/T_TVCabinet_E.uasset" 711
"D:/Unreal Projects/GameJam_01/Content/OldBrickHouse/Textures/Props/T_TVCabinet_E.uexp" 712
"D:/Unreal Projects/GameJam_01/Content/OldBrickHouse/Textures/Props/T_TVCabinet_E.ubulk" 713
"D:/Unreal Projects/GameJam_01/Content/OldBrickHouse/Textures/Props/T_TVCabinet_BC.uasset" 714
"D:/Unreal Projects/GameJam_01/Content/OldBrickHouse/Textures/Props/T_TVCabinet_BC.uexp" 715
"D:/Unreal Projects/GameJam_01/Content/OldBrickHouse/Textures/Props/T_TVCabinet_BC.ubulk" 716
"D:/Unreal Projects/GameJam_01/Content/OldBrickHouse/Materials/Instances/MI_TV_Cabinet_Off.uasset" 717
"D:/Unreal Projects/GameJam_01/Content/OldBrickHouse/Materials/Instances/MI_TV_Cabinet_Off.uexp" 718
"D:/Unreal Projects/GameJam_01/Content/OldBrickHouse/Meshes/Props/SM_TV_Cabinet.uasset" 719
"D:/Unreal Projects/GameJam_01/Content/OldBrickHouse/Meshes/Props/SM_TV_Cabinet.uexp" 720
"D:/Unreal Projects/GameJam_01/Content/OldBrickHouse/Meshes/Props/SM_TV_Cabinet.ubulk" 721
"D:/Unreal Projects/GameJam_01/Content/_ProjectCUM/Blueprints/BPI_Preset.uasset" 722
"D:/Unreal Projects/GameJam_01/Content/_ProjectCUM/Blueprints/BPI_Preset.uexp" 723
"D:/Unreal Projects/GameJam_01/Content/_ProjectCUM/Assets/Textures/T_Static.uasset" 724
"D:/Unreal Projects/GameJam_01/Content/_ProjectCUM/Assets/Textures/T_Static.uexp" 725
"D:/Unreal Projects/GameJam_01/Content/_ProjectCUM/Assets/Textures/T_Static.ubulk" 726
"D:/Unreal Projects/GameJam_01/Content/_ProjectCUM/Materials/M_TVStatic.uasset" 727
"D:/Unreal Projects/GameJam_01/Content/_ProjectCUM/Materials/M_TVStatic.uexp" 728
"D:/Unreal Projects/GameJam_01/Content/_ProjectCUM/Blueprints/E_PresetNumber.uasset" 729
"D:/Unreal Projects/GameJam_01/Content/_ProjectCUM/Blueprints/E_PresetNumber.uexp" 730
"../../../Engine/Content/EditorMaterials/GridMaterial.uasset" 731
"../../../Engine/Content/EditorMaterials/GridMaterial.uexp" 732
"../../../Engine/Content/EditorMeshes/AssetViewer/Floor_Mesh.uasset" 733
"../../../Engine/Content/EditorMeshes/AssetViewer/Floor_Mesh.uexp" 734
"../../../Engine/Content/EditorMeshes/AssetViewer/Floor_Mesh.ubulk" 735
"D:/Unreal Projects/GameJam_01/Content/_ProjectCUM/Blueprints/FurniturePresets/BP_Preset_2.uasset" 736
"D:/Unreal Projects/GameJam_01/Content/_ProjectCUM/Blueprints/FurniturePresets/BP_Preset_2.uexp" 737
"D:/Unreal Projects/GameJam_01/Content/_ProjectCUM/Player/BP_MenuPawn.uasset" 738
"D:/Unreal Projects/GameJam_01/Content/_ProjectCUM/Player/BP_MenuPawn.uexp" 739
"D:/Unreal Projects/GameJam_01/Content/_ProjectCUM/Player/BP_PlayerController.uasset" 740
"D:/Unreal Projects/GameJam_01/Content/_ProjectCUM/Player/BP_PlayerController.uexp" 741
"D:/Unreal Projects/GameJam_01/Content/_ProjectCUM/Game/GM_MainMenu.uasset" 742
"D:/Unreal Projects/GameJam_01/Content/_ProjectCUM/Game/GM_MainMenu.uexp" 743
"D:/Unreal Projects/GameJam_01/Content/_ProjectCUM/Levels/L_MainMenu.uexp" 744
"D:/Unreal Projects/GameJam_01/Content/_ProjectCUM/Levels/L_MainMenu.umap" 745
"D:/Unreal Projects/GameJam_01/Content/_ProjectCUM/Blueprints/BP_SpawnPoint_Wall.uasset" 746
"D:/Unreal Projects/GameJam_01/Content/_ProjectCUM/Blueprints/BP_SpawnPoint_Wall.uexp" 747
"D:/Unreal Projects/GameJam_01/Content/OldBrickHouse/Textures/Props/T_Breadbox_BC.uasset" 748
"D:/Unreal Projects/GameJam_01/Content/OldBrickHouse/Textures/Props/T_Breadbox_BC.uexp" 749
"D:/Unreal Projects/GameJam_01/Content/OldBrickHouse/Textures/Props/T_Breadbox_BC.ubulk" 750
"D:/Unreal Projects/GameJam_01/Content/OldBrickHouse/Textures/Props/T_Breadbox_MTRAO.uasset" 751
"D:/Unreal Projects/GameJam_01/Content/OldBrickHouse/Textures/Props/T_Breadbox_MTRAO.uexp" 752
"D:/Unreal Projects/GameJam_01/Content/OldBrickHouse/Textures/Props/T_Breadbox_MTRAO.ubulk" 753
"D:/Unreal Projects/GameJam_01/Content/OldBrickHouse/Textures/Props/T_BreadBox_N.uasset" 754
"D:/Unreal Projects/GameJam_01/Content/OldBrickHouse/Textures/Props/T_BreadBox_N.uexp" 755
"D:/Unreal Projects/GameJam_01/Content/OldBrickHouse/Textures/Props/T_BreadBox_N.ubulk" 756
"D:/Unreal Projects/GameJam_01/Content/OldBrickHouse/Materials/Instances/MI_Breadbox.uasset" 757
"D:/Unreal Projects/GameJam_01/Content/OldBrickHouse/Materials/Instances/MI_Breadbox.uexp" 758
"D:/Unreal Projects/GameJam_01/Content/OldBrickHouse/Meshes/Props/SM_Bread.uasset" 759
"D:/Unreal Projects/GameJam_01/Content/OldBrickHouse/Meshes/Props/SM_Bread.uexp" 760
"D:/Unreal Projects/GameJam_01/Content/OldBrickHouse/Meshes/Props/SM_Bread.ubulk" 761
"D:/Unreal Projects/GameJam_01/Content/OldBrickHouse/Textures/Props/T_Books_BC.uasset" 762
"D:/Unreal Projects/GameJam_01/Content/OldBrickHouse/Textures/Props/T_Books_BC.uexp" 763
"D:/Unreal Projects/GameJam_01/Content/OldBrickHouse/Textures/Props/T_Books_BC.ubulk" 764
"D:/Unreal Projects/GameJam_01/Content/OldBrickHouse/Textures/Props/T_Books_MTRAO.uasset" 765
"D:/Unreal Projects/GameJam_01/Content/OldBrickHouse/Textures/Props/T_Books_MTRAO.uexp" 766
"D:/Unreal Projects/GameJam_01/Content/OldBrickHouse/Textures/Props/T_Books_MTRAO.ubulk" 767
"D:/Unreal Projects/GameJam_01/Content/OldBrickHouse/Textures/Props/T_Books_N.uasset" 768
"D:/Unreal Projects/GameJam_01/Content/OldBrickHouse/Textures/Props/T_Books_N.uexp" 769
"D:/Unreal Projects/GameJam_01/Content/OldBrickHouse/Textures/Props/T_Books_N.ubulk" 770
"D:/Unreal Projects/GameJam_01/Content/OldBrickHouse/Materials/Instances/MI_Books.uasset" 771
"D:/Unreal Projects/GameJam_01/Content/OldBrickHouse/Materials/Instances/MI_Books.uexp" 772
"D:/Unreal Projects/GameJam_01/Content/OldBrickHouse/Meshes/Props/SM_Book_01.uasset" 773
"D:/Unreal Projects/GameJam_01/Content/OldBrickHouse/Meshes/Props/SM_Book_01.uexp" 774
"D:/Unreal Projects/GameJam_01/Content/OldBrickHouse/Meshes/Props/SM_Book_01.ubulk" 775
"D:/Unreal Projects/GameJam_01/Content/OldBrickHouse/Textures/Props/T_GlassJars_MTRAO.uasset" 776
"D:/Unreal Projects/GameJam_01/Content/OldBrickHouse/Textures/Props/T_GlassJars_MTRAO.uexp" 777
"D:/Unreal Projects/GameJam_01/Content/OldBrickHouse/Textures/Props/T_GlassJars_MTRAO.ubulk" 778
"D:/Unreal Projects/GameJam_01/Content/OldBrickHouse/Textures/Props/T_GlassJars_N.uasset" 779
"D:/Unreal Projects/GameJam_01/Content/OldBrickHouse/Textures/Props/T_GlassJars_N.uexp" 780
"D:/Unreal Projects/GameJam_01/Content/OldBrickHouse/Textures/Props/T_GlassJars_N.ubulk" 781
"../../../Engine/Content/Functions/Engine_MaterialFunctions03/Blends/Blend_Lighten.uasset" 782
"../../../Engine/Content/Functions/Engine_MaterialFunctions03/Blends/Blend_Lighten.uexp" 783
"../../../Engine/Content/Functions/Engine_MaterialFunctions03/Blends/Blend_Darken.uasset" 784
"../../../Engine/Content/Functions/Engine_MaterialFunctions03/Blends/Blend_Darken.uexp" 785
"D:/Unreal Projects/GameJam_01/Content/OldBrickHouse/Textures/Props/T_GlassJars_BCO.uasset" 786
"D:/Unreal Projects/GameJam_01/Content/OldBrickHouse/Textures/Props/T_GlassJars_BCO.uexp" 787
"D:/Unreal Projects/GameJam_01/Content/OldBrickHouse/Textures/Props/T_GlassJars_BCO.ubulk" 788
"D:/Unreal Projects/GameJam_01/Content/OldBrickHouse/Materials/Masters/M_GlassJars.uasset" 789
"D:/Unreal Projects/GameJam_01/Content/OldBrickHouse/Materials/Masters/M_GlassJars.uexp" 790
"D:/Unreal Projects/GameJam_01/Content/OldBrickHouse/Meshes/Props/SM_GlassJar_03.uasset" 791
"D:/Unreal Projects/GameJam_01/Content/OldBrickHouse/Meshes/Props/SM_GlassJar_03.uexp" 792
"D:/Unreal Projects/GameJam_01/Content/OldBrickHouse/Meshes/Props/SM_GlassJar_03.ubulk" 793
"D:/Unreal Projects/GameJam_01/Content/_ProjectCUM/Blueprints/BP_SpawnPoint_Furniture.uasset" 794
"D:/Unreal Projects/GameJam_01/Content/_ProjectCUM/Blueprints/BP_SpawnPoint_Furniture.uexp" 795
"D:/Unreal Projects/GameJam_01/Content/OldBrickHouse/Meshes/Props/SM_Book_Row_01.uasset" 796
"D:/Unreal Projects/GameJam_01/Content/OldBrickHouse/Meshes/Props/SM_Book_Row_01.uexp" 797
"D:/Unreal Projects/GameJam_01/Content/OldBrickHouse/Meshes/Props/SM_Book_Row_01.ubulk" 798
"D:/Unreal Projects/GameJam_01/Content/OldBrickHouse/Textures/Props/T_Dehumidifier_BC.uasset" 799
"D:/Unreal Projects/GameJam_01/Content/OldBrickHouse/Textures/Props/T_Dehumidifier_BC.uexp" 800
"D:/Unreal Projects/GameJam_01/Content/OldBrickHouse/Textures/Props/T_Dehumidifier_BC.ubulk" 801
"D:/Unreal Projects/GameJam_01/Content/OldBrickHouse/Textures/Props/T_Dehumidifier_E.uasset" 802
"D:/Unreal Projects/GameJam_01/Content/OldBrickHouse/Textures/Props/T_Dehumidifier_E.uexp" 803
"D:/Unreal Projects/GameJam_01/Content/OldBrickHouse/Textures/Props/T_Dehumidifier_E.ubulk" 804
"D:/Unreal Projects/GameJam_01/Content/OldBrickHouse/Textures/Props/T_Dehumidifier_MTRAO.uasset" 805
"D:/Unreal Projects/GameJam_01/Content/OldBrickHouse/Textures/Props/T_Dehumidifier_MTRAO.uexp" 806
"D:/Unreal Projects/GameJam_01/Content/OldBrickHouse/Textures/Props/T_Dehumidifier_MTRAO.ubulk" 807
"D:/Unreal Projects/GameJam_01/Content/OldBrickHouse/Textures/Props/T_Dehumidifier_N.uasset" 808
"D:/Unreal Projects/GameJam_01/Content/OldBrickHouse/Textures/Props/T_Dehumidifier_N.uexp" 809
"D:/Unreal Projects/GameJam_01/Content/OldBrickHouse/Textures/Props/T_Dehumidifier_N.ubulk" 810
"D:/Unreal Projects/GameJam_01/Content/OldBrickHouse/Materials/Instances/MI_Dehumidifier.uasset" 811
"D:/Unreal Projects/GameJam_01/Content/OldBrickHouse/Materials/Instances/MI_Dehumidifier.uexp" 812
"D:/Unreal Projects/GameJam_01/Content/OldBrickHouse/Meshes/Props/SM_Dehumidifier.uasset" 813
"D:/Unreal Projects/GameJam_01/Content/OldBrickHouse/Meshes/Props/SM_Dehumidifier.uexp" 814
"D:/Unreal Projects/GameJam_01/Content/OldBrickHouse/Meshes/Props/SM_Dehumidifier.ubulk" 815
"D:/Unreal Projects/GameJam_01/Content/OldBrickHouse/Textures/Props/T_StandingLamp_MTRAO.uasset" 816
"D:/Unreal Projects/GameJam_01/Content/OldBrickHouse/Textures/Props/T_StandingLamp_MTRAO.uexp" 817
"D:/Unreal Projects/GameJam_01/Content/OldBrickHouse/Textures/Props/T_StandingLamp_MTRAO.ubulk" 818
"D:/Unreal Projects/GameJam_01/Content/OldBrickHouse/Textures/Props/T_StandingLamp_N.uasset" 819
"D:/Unreal Projects/GameJam_01/Content/OldBrickHouse/Textures/Props/T_StandingLamp_N.uexp" 820
"D:/Unreal Projects/GameJam_01/Content/OldBrickHouse/Textures/Props/T_StandingLamp_N.ubulk" 821
"D:/Unreal Projects/GameJam_01/Content/OldBrickHouse/Materials/Masters/M_Props_AlphaMasked.uasset" 822
"D:/Unreal Projects/GameJam_01/Content/OldBrickHouse/Materials/Masters/M_Props_AlphaMasked.uexp" 823
"D:/Unreal Projects/GameJam_01/Content/OldBrickHouse/Textures/Props/T_StandingLamp_BCO.uasset" 824
"D:/Unreal Projects/GameJam_01/Content/OldBrickHouse/Textures/Props/T_StandingLamp_BCO.uexp" 825
"D:/Unreal Projects/GameJam_01/Content/OldBrickHouse/Textures/Props/T_StandingLamp_BCO.ubulk" 826
"D:/Unreal Projects/GameJam_01/Content/OldBrickHouse/Textures/Props/T_StandingLamp_Mask.uasset" 827
"D:/Unreal Projects/GameJam_01/Content/OldBrickHouse/Textures/Props/T_StandingLamp_Mask.uexp" 828
"D:/Unreal Projects/GameJam_01/Content/OldBrickHouse/Textures/Props/T_StandingLamp_Mask.ubulk" 829
"D:/Unreal Projects/GameJam_01/Content/OldBrickHouse/Textures/Props/T_StandingLamp_E.uasset" 830
"D:/Unreal Projects/GameJam_01/Content/OldBrickHouse/Textures/Props/T_StandingLamp_E.uexp" 831
"D:/Unreal Projects/GameJam_01/Content/OldBrickHouse/Textures/Props/T_StandingLamp_E.ubulk" 832
"D:/Unreal Projects/GameJam_01/Content/OldBrickHouse/Materials/Instances/MI_StandingLamp.uasset" 833
"D:/Unreal Projects/GameJam_01/Content/OldBrickHouse/Materials/Instances/MI_StandingLamp.uexp" 834
"D:/Unreal Projects/GameJam_01/Content/OldBrickHouse/Meshes/Props/SM_StandingLamp.uasset" 835
"D:/Unreal Projects/GameJam_01/Content/OldBrickHouse/Meshes/Props/SM_StandingLamp.uexp" 836
"D:/Unreal Projects/GameJam_01/Content/OldBrickHouse/Meshes/Props/SM_StandingLamp.ubulk" 837
"D:/Unreal Projects/GameJam_01/Content/OldBrickHouse/Meshes/Props/SM_Music_Cabinet.uasset" 838
"D:/Unreal Projects/GameJam_01/Content/OldBrickHouse/Meshes/Props/SM_Music_Cabinet.uexp" 839
"D:/Unreal Projects/GameJam_01/Content/OldBrickHouse/Meshes/Props/SM_Music_Cabinet.ubulk" 840
"D:/Unreal Projects/GameJam_01/Content/OldBrickHouse/Textures/Props/T_Audio_02_BC.uasset" 841
"D:/Unreal Projects/GameJam_01/Content/OldBrickHouse/Textures/Props/T_Audio_02_BC.uexp" 842
"D:/Unreal Projects/GameJam_01/Content/OldBrickHouse/Textures/Props/T_Audio_02_BC.ubulk" 843
"D:/Unreal Projects/GameJam_01/Content/OldBrickHouse/Textures/Props/T_Audio_02_E.uasset" 844
"D:/Unreal Projects/GameJam_01/Content/OldBrickHouse/Textures/Props/T_Audio_02_E.uexp" 845
"D:/Unreal Projects/GameJam_01/Content/OldBrickHouse/Textures/Props/T_Audio_02_E.ubulk" 846
"D:/Unreal Projects/GameJam_01/Content/OldBrickHouse/Textures/Props/T_Audio_02_MTRAO.uasset" 847
"D:/Unreal Projects/GameJam_01/Content/OldBrickHouse/Textures/Props/T_Audio_02_MTRAO.uexp" 848
"D:/Unreal Projects/GameJam_01/Content/OldBrickHouse/Textures/Props/T_Audio_02_MTRAO.ubulk" 849
"D:/Unreal Projects/GameJam_01/Content/OldBrickHouse/Textures/Props/T_Audio_02_N.uasset" 850
"D:/Unreal Projects/GameJam_01/Content/OldBrickHouse/Textures/Props/T_Audio_02_N.uexp" 851
"D:/Unreal Projects/GameJam_01/Content/OldBrickHouse/Textures/Props/T_Audio_02_N.ubulk" 852
"D:/Unreal Projects/GameJam_01/Content/OldBrickHouse/Materials/Instances/MI_Audio_02.uasset" 853
"D:/Unreal Projects/GameJam_01/Content/OldBrickHouse/Materials/Instances/MI_Audio_02.uexp" 854
"D:/Unreal Projects/GameJam_01/Content/OldBrickHouse/Meshes/Props/SM_Receiver.uasset" 855
"D:/Unreal Projects/GameJam_01/Content/OldBrickHouse/Meshes/Props/SM_Receiver.uexp" 856
"D:/Unreal Projects/GameJam_01/Content/OldBrickHouse/Meshes/Props/SM_Receiver.ubulk" 857
"D:/Unreal Projects/GameJam_01/Content/_ProjectCUM/Blueprints/FurniturePresets/BP_Preset_3.uasset" 858
"D:/Unreal Projects/GameJam_01/Content/_ProjectCUM/Blueprints/FurniturePresets/BP_Preset_3.uexp" 859
"D:/Unreal Projects/GameJam_01/Content/OldBrickHouse/Textures/Props/T_TableSet_MTRAO.uasset" 860
"D:/Unreal Projects/GameJam_01/Content/OldBrickHouse/Textures/Props/T_TableSet_MTRAO.uexp" 861
"D:/Unreal Projects/GameJam_01/Content/OldBrickHouse/Textures/Props/T_TableSet_MTRAO.ubulk" 862
"D:/Unreal Projects/GameJam_01/Content/OldBrickHouse/Textures/Props/T_TableSet_BC.uasset" 863
"D:/Unreal Projects/GameJam_01/Content/OldBrickHouse/Textures/Props/T_TableSet_BC.uexp" 864
"D:/Unreal Projects/GameJam_01/Content/OldBrickHouse/Textures/Props/T_TableSet_BC.ubulk" 865
"D:/Unreal Projects/GameJam_01/Content/OldBrickHouse/Textures/Props/T_TableSet_N.uasset" 866
"D:/Unreal Projects/GameJam_01/Content/OldBrickHouse/Textures/Props/T_TableSet_N.uexp" 867
"D:/Unreal Projects/GameJam_01/Content/OldBrickHouse/Textures/Props/T_TableSet_N.ubulk" 868
"D:/Unreal Projects/GameJam_01/Content/OldBrickHouse/Materials/Instances/MI_TableSet.uasset" 869
"D:/Unreal Projects/GameJam_01/Content/OldBrickHouse/Materials/Instances/MI_TableSet.uexp" 870
"D:/Unreal Projects/GameJam_01/Content/OldBrickHouse/Meshes/Props/SM_Chair_01.uasset" 871
"D:/Unreal Projects/GameJam_01/Content/OldBrickHouse/Meshes/Props/SM_Chair_01.uexp" 872
"D:/Unreal Projects/GameJam_01/Content/OldBrickHouse/Meshes/Props/SM_Chair_01.ubulk" 873
"D:/Unreal Projects/GameJam_01/Content/OldBrickHouse/Meshes/Props/SM_Glass.uasset" 874
"D:/Unreal Projects/GameJam_01/Content/OldBrickHouse/Meshes/Props/SM_Glass.uexp" 875
"D:/Unreal Projects/GameJam_01/Content/OldBrickHouse/Meshes/Props/SM_Glass.ubulk" 876
"D:/Unreal Projects/GameJam_01/Content/OldBrickHouse/Textures/Props/T_Flowerpots_BC.uasset" 877
"D:/Unreal Projects/GameJam_01/Content/OldBrickHouse/Textures/Props/T_Flowerpots_BC.uexp" 878
"D:/Unreal Projects/GameJam_01/Content/OldBrickHouse/Textures/Props/T_Flowerpots_BC.ubulk" 879
"D:/Unreal Projects/GameJam_01/Content/OldBrickHouse/Textures/Props/T_Flowerpots_MTRAO.uasset" 880
"D:/Unreal Projects/GameJam_01/Content/OldBrickHouse/Textures/Props/T_Flowerpots_MTRAO.uexp" 881
"D:/Unreal Projects/GameJam_01/Content/OldBrickHouse/Textures/Props/T_Flowerpots_MTRAO.ubulk" 882
"D:/Unreal Projects/GameJam_01/Content/OldBrickHouse/Textures/Props/T_Flowerpots_N.uasset" 883
"D:/Unreal Projects/GameJam_01/Content/OldBrickHouse/Textures/Props/T_Flowerpots_N.uexp" 884
"D:/Unreal Projects/GameJam_01/Content/OldBrickHouse/Textures/Props/T_Flowerpots_N.ubulk" 885
"D:/Unreal Projects/GameJam_01/Content/OldBrickHouse/Materials/Instances/MI_Flowerpots.uasset" 886
"D:/Unreal Projects/GameJam_01/Content/OldBrickHouse/Materials/Instances/MI_Flowerpots.uexp" 887
"D:/Unreal Projects/GameJam_01/Content/OldBrickHouse/Meshes/Props/SM_Flowerpot_03.uasset" 888
"D:/Unreal Projects/GameJam_01/Content/OldBrickHouse/Meshes/Props/SM_Flowerpot_03.uexp" 889
"D:/Unreal Projects/GameJam_01/Content/OldBrickHouse/Meshes/Props/SM_Flowerpot_03.ubulk" 890
"D:/Unreal Projects/GameJam_01/Content/OldBrickHouse/Textures/Props/T_KitchenProps_01_N.uasset" 891
"D:/Unreal Projects/GameJam_01/Content/OldBrickHouse/Textures/Props/T_KitchenProps_01_N.uexp" 892
"D:/Unreal Projects/GameJam_01/Content/OldBrickHouse/Textures/Props/T_KitchenProps_01_N.ubulk" 893
"D:/Unreal Projects/GameJam_01/Content/OldBrickHouse/Textures/Props/T_KitchenProps_01_MTRAO.uasset" 894
"D:/Unreal Projects/GameJam_01/Content/OldBrickHouse/Textures/Props/T_KitchenProps_01_MTRAO.uexp" 895
"D:/Unreal Projects/GameJam_01/Content/OldBrickHouse/Textures/Props/T_KitchenProps_01_MTRAO.ubulk" 896
"D:/Unreal Projects/GameJam_01/Content/OldBrickHouse/Textures/Props/T_KitchenProps_01_BC.uasset" 897
"D:/Unreal Projects/GameJam_01/Content/OldBrickHouse/Textures/Props/T_KitchenProps_01_BC.uexp" 898
"D:/Unreal Projects/GameJam_01/Content/OldBrickHouse/Textures/Props/T_KitchenProps_01_BC.ubulk" 899
"D:/Unreal Projects/GameJam_01/Content/OldBrickHouse/Materials/Instances/MI_KitchenProps_01.uasset" 900
"D:/Unreal Projects/GameJam_01/Content/OldBrickHouse/Materials/Instances/MI_KitchenProps_01.uexp" 901
"D:/Unreal Projects/GameJam_01/Content/OldBrickHouse/Meshes/Props/SM_Pitcher.uasset" 902
"D:/Unreal Projects/GameJam_01/Content/OldBrickHouse/Meshes/Props/SM_Pitcher.uexp" 903
"D:/Unreal Projects/GameJam_01/Content/OldBrickHouse/Meshes/Props/SM_Pitcher.ubulk" 904
"D:/Unreal Projects/GameJam_01/Content/OldBrickHouse/Textures/Props/T_Plants_BCO.uasset" 905
"D:/Unreal Projects/GameJam_01/Content/OldBrickHouse/Textures/Props/T_Plants_BCO.uexp" 906
"D:/Unreal Projects/GameJam_01/Content/OldBrickHouse/Textures/Props/T_Plants_BCO.ubulk" 907
"D:/Unreal Projects/GameJam_01/Content/OldBrickHouse/Textures/Props/T_Plants_N.uasset" 908
"D:/Unreal Projects/GameJam_01/Content/OldBrickHouse/Textures/Props/T_Plants_N.uexp" 909
"D:/Unreal Projects/GameJam_01/Content/OldBrickHouse/Textures/Props/T_Plants_N.ubulk" 910
"D:/Unreal Projects/GameJam_01/Content/OldBrickHouse/Textures/Props/T_Plants_R.uasset" 911
"D:/Unreal Projects/GameJam_01/Content/OldBrickHouse/Textures/Props/T_Plants_R.uexp" 912
"D:/Unreal Projects/GameJam_01/Content/OldBrickHouse/Textures/Props/T_Plants_R.ubulk" 913
"../../../Engine/Content/Functions/Engine_MaterialFunctions01/WorldPositionOffset/SimpleGrassWind.uasset" 914
"../../../Engine/Content/Functions/Engine_MaterialFunctions01/WorldPositionOffset/SimpleGrassWind.uexp" 915
"D:/Unreal Projects/GameJam_01/Content/OldBrickHouse/Materials/Masters/M_Plants.uasset" 916
"D:/Unreal Projects/GameJam_01/Content/OldBrickHouse/Materials/Masters/M_Plants.uexp" 917
"D:/Unreal Projects/GameJam_01/Content/OldBrickHouse/Meshes/Props/SM_Plant_04.uasset" 918
"D:/Unreal Projects/GameJam_01/Content/OldBrickHouse/Meshes/Props/SM_Plant_04.uexp" 919
"D:/Unreal Projects/GameJam_01/Content/OldBrickHouse/Meshes/Props/SM_Plant_04.ubulk" 920
"D:/Unreal Projects/GameJam_01/Content/OldBrickHouse/Meshes/Props/SM_Table_02.uasset" 921
"D:/Unreal Projects/GameJam_01/Content/OldBrickHouse/Meshes/Props/SM_Table_02.uexp" 922
"D:/Unreal Projects/GameJam_01/Content/OldBrickHouse/Meshes/Props/SM_Table_02.ubulk" 923
"D:/Unreal Projects/GameJam_01/Content/_ProjectCUM/Materials/MI_Brown.uasset" 924
"D:/Unreal Projects/GameJam_01/Content/_ProjectCUM/Materials/MI_Brown.uexp" 925
"D:/Unreal Projects/GameJam_01/Content/_ProjectCUM/Blueprints/FurniturePresets/BP_Preset_4.uasset" 926
"D:/Unreal Projects/GameJam_01/Content/_ProjectCUM/Blueprints/FurniturePresets/BP_Preset_4.uexp" 927
"D:/Unreal Projects/GameJam_01/Content/OldBrickHouse/Textures/Props/T_Furniture_Bedroom_BC.uasset" 928
"D:/Unreal Projects/GameJam_01/Content/OldBrickHouse/Textures/Props/T_Furniture_Bedroom_BC.uexp" 929
"D:/Unreal Projects/GameJam_01/Content/OldBrickHouse/Textures/Props/T_Furniture_Bedroom_BC.ubulk" 930
"D:/Unreal Projects/GameJam_01/Content/OldBrickHouse/Textures/Props/T_Furniture_Bedroom_MTRAO.uasset" 931
"D:/Unreal Projects/GameJam_01/Content/OldBrickHouse/Textures/Props/T_Furniture_Bedroom_MTRAO.uexp" 932
"D:/Unreal Projects/GameJam_01/Content/OldBrickHouse/Textures/Props/T_Furniture_Bedroom_MTRAO.ubulk" 933
"D:/Unreal Projects/GameJam_01/Content/OldBrickHouse/Textures/Props/T_Furniture_Bedroom_N.uasset" 934
"D:/Unreal Projects/GameJam_01/Content/OldBrickHouse/Textures/Props/T_Furniture_Bedroom_N.uexp" 935
"D:/Unreal Projects/GameJam_01/Content/OldBrickHouse/Textures/Props/T_Furniture_Bedroom_N.ubulk" 936
"D:/Unreal Projects/GameJam_01/Content/OldBrickHouse/Materials/Instances/MI_Bedroom.uasset" 937
"D:/Unreal Projects/GameJam_01/Content/OldBrickHouse/Materials/Instances/MI_Bedroom.uexp" 938
"D:/Unreal Projects/GameJam_01/Content/OldBrickHouse/Meshes/Props/SM_Bedside_Table.uasset" 939
"D:/Unreal Projects/GameJam_01/Content/OldBrickHouse/Meshes/Props/SM_Bedside_Table.uexp" 940
"D:/Unreal Projects/GameJam_01/Content/OldBrickHouse/Meshes/Props/SM_Bedside_Table.ubulk" 941
"D:/Unreal Projects/GameJam_01/Content/OldBrickHouse/Textures/Props/T_Armchairs_BC.uasset" 942
"D:/Unreal Projects/GameJam_01/Content/OldBrickHouse/Textures/Props/T_Armchairs_BC.uexp" 943
"D:/Unreal Projects/GameJam_01/Content/OldBrickHouse/Textures/Props/T_Armchairs_BC.ubulk" 944
"D:/Unreal Projects/GameJam_01/Content/OldBrickHouse/Textures/Props/T_Armchairs_MTRAO.uasset" 945
"D:/Unreal Projects/GameJam_01/Content/OldBrickHouse/Textures/Props/T_Armchairs_MTRAO.uexp" 946
"D:/Unreal Projects/GameJam_01/Content/OldBrickHouse/Textures/Props/T_Armchairs_MTRAO.ubulk" 947
"D:/Unreal Projects/GameJam_01/Content/OldBrickHouse/Textures/Props/T_Armchairs_N.uasset" 948
"D:/Unreal Projects/GameJam_01/Content/OldBrickHouse/Textures/Props/T_Armchairs_N.uexp" 949
"D:/Unreal Projects/GameJam_01/Content/OldBrickHouse/Textures/Props/T_Armchairs_N.ubulk" 950
"D:/Unreal Projects/GameJam_01/Content/OldBrickHouse/Materials/Instances/MI_Armchairs.uasset" 951
"D:/Unreal Projects/GameJam_01/Content/OldBrickHouse/Materials/Instances/MI_Armchairs.uexp" 952
"D:/Unreal Projects/GameJam_01/Content/OldBrickHouse/Meshes/Props/SM_Armchair_02.uasset" 953
"D:/Unreal Projects/GameJam_01/Content/OldBrickHouse/Meshes/Props/SM_Armchair_02.uexp" 954
"D:/Unreal Projects/GameJam_01/Content/OldBrickHouse/Meshes/Props/SM_Armchair_02.ubulk" 955
"D:/Unreal Projects/GameJam_01/Content/OldBrickHouse/Textures/Props/T_Rug_01_BC.uasset" 956
"D:/Unreal Projects/GameJam_01/Content/OldBrickHouse/Textures/Props/T_Rug_01_BC.uexp" 957
"D:/Unreal Projects/GameJam_01/Content/OldBrickHouse/Textures/Props/T_Rug_01_BC.ubulk" 958
"D:/Unreal Projects/GameJam_01/Content/OldBrickHouse/Materials/Instances/MI_Rug_02.uasset" 959
"D:/Unreal Projects/GameJam_01/Content/OldBrickHouse/Materials/Instances/MI_Rug_02.uexp" 960
"D:/Unreal Projects/GameJam_01/Content/OldBrickHouse/Textures/Props/T_TableLamps_E.uasset" 961
"D:/Unreal Projects/GameJam_01/Content/OldBrickHouse/Textures/Props/T_TableLamps_E.uexp" 962
"D:/Unreal Projects/GameJam_01/Content/OldBrickHouse/Textures/Props/T_TableLamps_E.ubulk" 963
"D:/Unreal Projects/GameJam_01/Content/OldBrickHouse/Textures/Props/T_TableLamps_N.uasset" 964
"D:/Unreal Projects/GameJam_01/Content/OldBrickHouse/Textures/Props/T_TableLamps_N.uexp" 965
"D:/Unreal Projects/GameJam_01/Content/OldBrickHouse/Textures/Props/T_TableLamps_N.ubulk" 966
"D:/Unreal Projects/GameJam_01/Content/OldBrickHouse/Textures/Props/T_TableLamps_BC.uasset" 967
"D:/Unreal Projects/GameJam_01/Content/OldBrickHouse/Textures/Props/T_TableLamps_BC.uexp" 968
"D:/Unreal Projects/GameJam_01/Content/OldBrickHouse/Textures/Props/T_TableLamps_BC.ubulk" 969
"D:/Unreal Projects/GameJam_01/Content/OldBrickHouse/Textures/Props/T_TableLamps_MTRAO.uasset" 970
"D:/Unreal Projects/GameJam_01/Content/OldBrickHouse/Textures/Props/T_TableLamps_MTRAO.uexp" 971
"D:/Unreal Projects/GameJam_01/Content/OldBrickHouse/Textures/Props/T_TableLamps_MTRAO.ubulk" 972
"D:/Unreal Projects/GameJam_01/Content/OldBrickHouse/Materials/Instances/MI_TableLamps_Off.uasset" 973
"D:/Unreal Projects/GameJam_01/Content/OldBrickHouse/Materials/Instances/MI_TableLamps_Off.uexp" 974
"D:/Unreal Projects/GameJam_01/Content/OldBrickHouse/Meshes/Props/SM_TableLamp_02.uasset" 975
"D:/Unreal Projects/GameJam_01/Content/OldBrickHouse/Meshes/Props/SM_TableLamp_02.uexp" 976
"D:/Unreal Projects/GameJam_01/Content/OldBrickHouse/Meshes/Props/SM_TableLamp_02.ubulk" 977
"D:/Unreal Projects/GameJam_01/Content/OldBrickHouse/Materials/Instances/MI_TableLamps.uasset" 978
"D:/Unreal Projects/GameJam_01/Content/OldBrickHouse/Materials/Instances/MI_TableLamps.uexp" 979
"D:/Unreal Projects/GameJam_01/Content/OldBrickHouse/Meshes/Props/SM_GlassJar_04.uasset" 980
"D:/Unreal Projects/GameJam_01/Content/OldBrickHouse/Meshes/Props/SM_GlassJar_04.uexp" 981
"D:/Unreal Projects/GameJam_01/Content/OldBrickHouse/Meshes/Props/SM_GlassJar_04.ubulk" 982
"D:/Unreal Projects/GameJam_01/Content/OldBrickHouse/Meshes/Props/SM_GlassJar_07.uasset" 983
"D:/Unreal Projects/GameJam_01/Content/OldBrickHouse/Meshes/Props/SM_GlassJar_07.uexp" 984
"D:/Unreal Projects/GameJam_01/Content/OldBrickHouse/Meshes/Props/SM_GlassJar_07.ubulk" 985
"D:/Unreal Projects/GameJam_01/Content/OldBrickHouse/Meshes/Props/SM_GlassJar_08.uasset" 986
"D:/Unreal Projects/GameJam_01/Content/OldBrickHouse/Meshes/Props/SM_GlassJar_08.uexp" 987
"D:/Unreal Projects/GameJam_01/Content/OldBrickHouse/Meshes/Props/SM_GlassJar_08.ubulk" 988
"D:/Unreal Projects/GameJam_01/Content/OldBrickHouse/Materials/Instances/MI_Rug_01.uasset" 989
"D:/Unreal Projects/GameJam_01/Content/OldBrickHouse/Materials/Instances/MI_Rug_01.uexp" 990
"D:/Unreal Projects/GameJam_01/Content/OldBrickHouse/Meshes/Props/SM_Rug_01.uasset" 991
"D:/Unreal Projects/GameJam_01/Content/OldBrickHouse/Meshes/Props/SM_Rug_01.uexp" 992
"D:/Unreal Projects/GameJam_01/Content/OldBrickHouse/Meshes/Props/SM_Rug_01.ubulk" 993
"D:/Unreal Projects/GameJam_01/Content/OldBrickHouse/Textures/Props/T_Telephone_BC.uasset" 994
"D:/Unreal Projects/GameJam_01/Content/OldBrickHouse/Textures/Props/T_Telephone_BC.uexp" 995
"D:/Unreal Projects/GameJam_01/Content/OldBrickHouse/Textures/Props/T_Telephone_BC.ubulk" 996
"D:/Unreal Projects/GameJam_01/Content/OldBrickHouse/Textures/Props/T_Telephone_N.uasset" 997
"D:/Unreal Projects/GameJam_01/Content/OldBrickHouse/Textures/Props/T_Telephone_N.uexp" 998
"D:/Unreal Projects/GameJam_01/Content/OldBrickHouse/Textures/Props/T_Telephone_N.ubulk" 999
"D:/Unreal Projects/GameJam_01/Content/OldBrickHouse/Textures/Props/T_Telephone_MTRAO.uasset" 1000
"D:/Unreal Projects/GameJam_01/Content/OldBrickHouse/Textures/Props/T_Telephone_MTRAO.uexp" 1001
"D:/Unreal Projects/GameJam_01/Content/OldBrickHouse/Textures/Props/T_Telephone_MTRAO.ubulk" 1002
"D:/Unreal Projects/GameJam_01/Content/OldBrickHouse/Materials/Instances/MI_Telephone.uasset" 1003
"D:/Unreal Projects/GameJam_01/Content/OldBrickHouse/Materials/Instances/MI_Telephone.uexp" 1004
"D:/Unreal Projects/GameJam_01/Content/OldBrickHouse/Meshes/Props/SM_Telephone.uasset" 1005
"D:/Unreal Projects/GameJam_01/Content/OldBrickHouse/Meshes/Props/SM_Telephone.uexp" 1006
"D:/Unreal Projects/GameJam_01/Content/OldBrickHouse/Meshes/Props/SM_Telephone.ubulk" 1007
"D:/Unreal Projects/GameJam_01/Content/_ProjectCUM/Blueprints/FurniturePresets/BP_Preset_1.uasset" 1008
"D:/Unreal Projects/GameJam_01/Content/_ProjectCUM/Blueprints/FurniturePresets/BP_Preset_1.uexp" 1009
"D:/Unreal Projects/GameJam_01/Content/_ProjectCUM/Assets/Meshes/Glasses/glasses.uasset" 1010
"D:/Unreal Projects/GameJam_01/Content/_ProjectCUM/Assets/Meshes/Glasses/glasses.uexp" 1011
"D:/Unreal Projects/GameJam_01/Content/_ProjectCUM/Assets/Meshes/Glasses/glasses.ubulk" 1012
"D:/Unreal Projects/GameJam_01/Content/_ProjectCUM/Assets/Meshes/Glasses/oculos1.uasset" 1013
"D:/Unreal Projects/GameJam_01/Content/_ProjectCUM/Assets/Meshes/Glasses/oculos1.uexp" 1014
"D:/Unreal Projects/GameJam_01/Content/_ProjectCUM/Assets/Meshes/Glasses/SM_Glasses.uasset" 1015
"D:/Unreal Projects/GameJam_01/Content/_ProjectCUM/Assets/Meshes/Glasses/SM_Glasses.uexp" 1016
"D:/Unreal Projects/GameJam_01/Content/_ProjectCUM/Assets/Meshes/Glasses/SM_Glasses.ubulk" 1017
"D:/Unreal Projects/GameJam_01/Content/_ProjectCUM/Assets/Meshes/Pants/color.uasset" 1018
"D:/Unreal Projects/GameJam_01/Content/_ProjectCUM/Assets/Meshes/Pants/color.uexp" 1019
"D:/Unreal Projects/GameJam_01/Content/_ProjectCUM/Assets/Meshes/Pants/pantalon-texture-shadow.uasset" 1020
"D:/Unreal Projects/GameJam_01/Content/_ProjectCUM/Assets/Meshes/Pants/pantalon-texture-shadow.uexp" 1021
"D:/Unreal Projects/GameJam_01/Content/_ProjectCUM/Assets/Meshes/Pants/pantalon-texture-shadow.ubulk" 1022
"D:/Unreal Projects/GameJam_01/Content/_ProjectCUM/Assets/Meshes/Pants/pantalon.uasset" 1023
"D:/Unreal Projects/GameJam_01/Content/_ProjectCUM/Assets/Meshes/Pants/pantalon.uexp" 1024
"D:/Unreal Projects/GameJam_01/Content/_ProjectCUM/Assets/Meshes/Pants/pantalon-shadows.uasset" 1025
"D:/Unreal Projects/GameJam_01/Content/_ProjectCUM/Assets/Meshes/Pants/pantalon-shadows.uexp" 1026
"D:/Unreal Projects/GameJam_01/Content/_ProjectCUM/Assets/Meshes/Pants/pantalon-shadows.ubulk" 1027
"D:/Unreal Projects/GameJam_01/Content/_ProjectCUM/Assets/Textures/T_Wallet_Bump.uasset" 1028
"D:/Unreal Projects/GameJam_01/Content/_ProjectCUM/Assets/Textures/T_Wallet_Bump.uexp" 1029
"D:/Unreal Projects/GameJam_01/Content/_ProjectCUM/Materials/M_Wallet.uasset" 1030
"D:/Unreal Projects/GameJam_01/Content/_ProjectCUM/Materials/M_Wallet.uexp" 1031
"D:/Unreal Projects/GameJam_01/Content/_ProjectCUM/Assets/Meshes/Wallet/SM_Wallet.uasset" 1032
"D:/Unreal Projects/GameJam_01/Content/_ProjectCUM/Assets/Meshes/Wallet/SM_Wallet.uexp" 1033
"D:/Unreal Projects/GameJam_01/Content/_ProjectCUM/Assets/Meshes/Wallet/SM_Wallet.ubulk" 1034
"D:/Unreal Projects/GameJam_01/Content/_ProjectCUM/Blueprints/S_DoorSequences.uasset" 1035
"D:/Unreal Projects/GameJam_01/Content/_ProjectCUM/Blueprints/S_DoorSequences.uexp" 1036
"D:/Unreal Projects/GameJam_01/Content/_ProjectCUM/Blueprints/S_PresetsThatCanSpawn.uasset" 1037
"D:/Unreal Projects/GameJam_01/Content/_ProjectCUM/Blueprints/S_PresetsThatCanSpawn.uexp" 1038
"D:/Unreal Projects/GameJam_01/Content/_ProjectCUM/Game/GM_Test.uasset" 1039
"D:/Unreal Projects/GameJam_01/Content/_ProjectCUM/Game/GM_Test.uexp" 1040
"D:/Unreal Projects/GameJam_01/Content/_ProjectCUM/Levels/L_Test_BuiltData.uasset" 1041
"D:/Unreal Projects/GameJam_01/Content/_ProjectCUM/Levels/L_Test_BuiltData.uexp" 1042
"D:/Unreal Projects/GameJam_01/Content/_ProjectCUM/Levels/L_Test_BuiltData.ubulk" 1043
"D:/Unreal Projects/GameJam_01/Content/_ProjectCUM/Levels/L_Test.uexp" 1044
"D:/Unreal Projects/GameJam_01/Content/_ProjectCUM/Levels/L_Test.umap" 1045
"../../../Engine/Content/Maps/Entry_BuiltData.uasset" 1046
"../../../Engine/Content/Maps/Entry_BuiltData.uexp" 1047
"../../../Engine/Content/Maps/Entry.uexp" 1048
"../../../Engine/Content/Maps/Entry.umap" 1049
